#
# A fatal error has been detected by the Java Runtime Environment:
#
#  Internal Error (os_windows_x86.cpp:149), pid=11488, tid=12004
#  guarantee(result == EXCEPTION_CONTINUE_EXECUTION) failed: Unexpected result from topLevelExceptionFilter
#
# JRE version: 7.0_11-b21
# Java VM: Java HotSpot(TM) 64-Bit Server VM (23.6-b04 mixed mode windows-amd64 compressed oops)
# Failed to write core dump. Minidumps are not enabled by default on client versions of Windows
#
# If you would like to submit a bug report, please visit:
#   http://bugreport.sun.com/bugreport/crash.jsp
#

---------------  T H R E A D  ---------------

Current thread (0x00000001708ee800):  JavaThread "Main message loop" daemon [_thread_in_Java, id=12004, stack(0x000000031ad20000,0x000000031ed20000)]

Stack: [0x000000031ad20000,0x000000031ed20000]

---------------  P R O C E S S  ---------------

Java Threads: ( => current thread )
=>0x00000001708ee800 JavaThread "Main message loop" daemon [_thread_in_Java, id=12004, stack(0x000000031ad20000,0x000000031ed20000)]
  0x00000001708ee000 JavaThread "Browser Thread" daemon [_thread_blocked, id=11692, stack(0x000000030ed20000,0x0000000312d20000)]
  0x0000000177836800 JavaThread "Browser Events Thread" daemon [_thread_blocked, id=6552, stack(0x0000000306d20000,0x000000030ad20000)]
  0x00000001708ec800 JavaThread "Main message loop" daemon [_thread_in_native, id=15072, stack(0x00000002e2d20000,0x00000002e6d20000)]
  0x0000000179fae800 JavaThread "Browser Events Thread" daemon [_thread_blocked, id=16240, stack(0x00000002fed20000,0x0000000302d20000)]
  0x0000000175c85800 JavaThread "Main message loop" daemon [_thread_in_native, id=7704, stack(0x00000002ead20000,0x00000002eed20000)]
  0x0000000175c84800 JavaThread "Code Analyzer updating thread" [_thread_blocked, id=8780, stack(0x00000002ded20000,0x00000002e2d20000)]
  0x0000000175c80000 JavaThread "Code Analyzer updating thread" [_thread_blocked, id=12956, stack(0x00000002cd9e0000,0x00000002d19e0000)]
  0x0000000175c83000 JavaThread "Code Analyzer updating thread" [_thread_blocked, id=8052, stack(0x00000002d99e0000,0x00000002dd9e0000)]
  0x0000000175c81800 JavaThread "Code Analyzer updating thread" [_thread_blocked, id=16440, stack(0x00000002c99e0000,0x00000002cd9e0000)]
  0x0000000177843000 JavaThread "Code Analyzer updating thread" [_thread_blocked, id=16628, stack(0x00000002c19e0000,0x00000002c59e0000)]
  0x000000017783c800 JavaThread "Code Analyzer updating thread" [_thread_blocked, id=16772, stack(0x00000001900d0000,0x00000001940d0000)]
  0x0000000076321000 JavaThread "Code Analyzer updating thread" [_thread_blocked, id=10180, stack(0x000000012c000000,0x0000000130000000)]
  0x0000000076320000 JavaThread "Code Analyzer updating thread" [_thread_blocked, id=16520, stack(0x0000000128000000,0x000000012c000000)]
  0x000000007631f800 JavaThread "Code Analyzer updating thread" [_thread_blocked, id=10332, stack(0x0000000124000000,0x0000000128000000)]
  0x000000007631e800 JavaThread "Code Analyzer updating thread" [_thread_blocked, id=15168, stack(0x0000000120000000,0x0000000124000000)]
  0x000000007631e000 JavaThread "Code Analyzer updating thread" [_thread_blocked, id=16596, stack(0x000000011c000000,0x0000000120000000)]
  0x000000007631d000 JavaThread "Code Analyzer updating thread" [_thread_blocked, id=3588, stack(0x0000000118000000,0x000000011c000000)]
  0x00000000760f9800 JavaThread "Code Analyzer updating thread" [_thread_blocked, id=11736, stack(0x0000000114000000,0x0000000118000000)]
  0x00000000760f8800 JavaThread "Code Analyzer updating thread" [_thread_blocked, id=9904, stack(0x0000000110000000,0x0000000114000000)]
  0x00000000760f8000 JavaThread "Code Analyzer updating thread" [_thread_blocked, id=13196, stack(0x000000010c000000,0x0000000110000000)]
  0x0000000163ef7800 JavaThread "Browser Events Thread" daemon [_thread_blocked, id=14908, stack(0x000000023bd50000,0x000000023fd50000)]
  0x00000000bd882800 JavaThread "Main message loop" daemon [_thread_in_native, id=14308, stack(0x000000023fd50000,0x0000000243d50000)]
  0x00000000bf413000 JavaThread "Timer-2" daemon [_thread_blocked, id=14476, stack(0x00000001940d0000,0x00000001980d0000)]
  0x0000000134fbd800 JavaThread "com.jniwrapper.NativeResourceCollector" daemon [_thread_blocked, id=1708, stack(0x000000018c0d0000,0x00000001900d0000)]
  0x00000000bf414000 JavaThread "Foxtrot Single Worker Thread #1" daemon [_thread_blocked, id=2364, stack(0x0000000179fc0000,0x000000017dfc0000)]
  0x000000015aa7d000 JavaThread "Tab Completion Callable" [_thread_blocked, id=10492, stack(0x00000001567c0000,0x000000015a7c0000)]
  0x000000015aa78800 JavaThread "Tab Completion Callable" [_thread_blocked, id=9620, stack(0x00000000b8000000,0x00000000bc000000)]
  0x00000000be445800 JavaThread "Prefs Updater" daemon [_thread_blocked, id=14128, stack(0x000000015b790000,0x000000015f790000)]
  0x00000000760f7000 JavaThread "Active Reference Queue Daemon" daemon [_thread_blocked, id=10644, stack(0x0000000108000000,0x000000010c000000)]
  0x00000000760f6800 JavaThread "Timer-1" daemon [_thread_blocked, id=11908, stack(0x0000000104000000,0x0000000108000000)]
  0x0000000060bb6000 JavaThread "ClipboardMonitor Timer" daemon [_thread_blocked, id=12676, stack(0x0000000100000000,0x0000000104000000)]
  0x0000000060bb5000 JavaThread "Explorer NavigationContext request queue" daemon [_thread_blocked, id=5996, stack(0x00000000dc000000,0x00000000e0000000)]
  0x0000000060bb3800 JavaThread "AddressBar directory emptiness poller" daemon [_thread_blocked, id=7632, stack(0x00000000d4000000,0x00000000d8000000)]
  0x0000000060bb3000 JavaThread "Explorer Refresh Service 2141196255" daemon [_thread_blocked, id=13220, stack(0x00000000d0000000,0x00000000d4000000)]
  0x0000000060bb0800 JavaThread "Thread-4" daemon [_thread_blocked, id=7656, stack(0x00000000b4000000,0x00000000b8000000)]
  0x0000000060baf000 JavaThread "TimerQueue" daemon [_thread_blocked, id=14464, stack(0x00000000a8000000,0x00000000ac000000)]
  0x0000000023581000 JavaThread "Thread-3" daemon [_thread_blocked, id=14188, stack(0x00000000a0000000,0x00000000a4000000)]
  0x000000005965b800 JavaThread "AWT-EventQueue-0" [_thread_blocked, id=5216, stack(0x000000009c000000,0x00000000a0000000)]
  0x0000000059a68800 JavaThread "AWT-Shutdown" [_thread_blocked, id=7384, stack(0x0000000080000000,0x0000000084000000)]
  0x0000000059574800 JavaThread "FelixPackageAdmin" daemon [_thread_blocked, id=11544, stack(0x0000000098000000,0x000000009c000000)]
  0x000000005948a800 JavaThread "FelixStartLevel" daemon [_thread_blocked, id=7340, stack(0x0000000094000000,0x0000000098000000)]
  0x00000000595ec800 JavaThread "FelixDispatchQueue" daemon [_thread_blocked, id=13832, stack(0x0000000090000000,0x0000000094000000)]
  0x000000005946a000 JavaThread "com.google.common.base.internal.Finalizer" daemon [_thread_blocked, id=7880, stack(0x000000008c000000,0x0000000090000000)]
  0x0000000059440000 JavaThread "AWT-Windows" daemon [_thread_in_native, id=5148, stack(0x0000000084000000,0x0000000088000000)]
  0x0000000059342000 JavaThread "Java2D Disposer" daemon [_thread_blocked, id=2700, stack(0x0000000078000000,0x000000007c000000)]
  0x0000000059186800 JavaThread "Timer-0" [_thread_blocked, id=6048, stack(0x0000000063570000,0x0000000067570000)]
  0x0000000059176800 JavaThread "EventMgr Dispatcher" daemon [_thread_in_native, id=15472, stack(0x000000005c590000,0x0000000060590000)]
  0x00000000231f7800 JavaThread "Service Thread" daemon [_thread_blocked, id=9304, stack(0x0000000050cf0000,0x0000000054cf0000)]
  0x00000000231ee800 JavaThread "C2 CompilerThread1" daemon [_thread_blocked, id=16368, stack(0x000000004ccf0000,0x0000000050cf0000)]
  0x00000000231ea000 JavaThread "C2 CompilerThread0" daemon [_thread_blocked, id=14392, stack(0x0000000048cf0000,0x000000004ccf0000)]
  0x000000002318a000 JavaThread "Attach Listener" daemon [_thread_blocked, id=12604, stack(0x0000000044cf0000,0x0000000048cf0000)]
  0x000000002315b800 JavaThread "Finalizer" daemon [_thread_blocked, id=3068, stack(0x0000000040cf0000,0x0000000044cf0000)]
  0x0000000023151800 JavaThread "Reference Handler" daemon [_thread_blocked, id=11408, stack(0x000000003ccf0000,0x0000000040cf0000)]
  0x0000000022017000 JavaThread "main" [_thread_in_native, id=12316, stack(0x0000000000030000,0x0000000004030000)]

Other Threads:
  0x000000002314f000 VMThread [stack: 0x0000000038cf0000,0x000000003ccf0000] [id=8628]
  0x00000000232c9800 WatcherThread [stack: 0x0000000054cf0000,0x0000000058cf0000] [id=9172]

VM state:not at safepoint (normal execution)

VM Mutex/Monitor currently owned by a thread: None

Heap
 PSYoungGen      total 58944K, used 46309K [0x00000000fa000000, 0x00000000fe640000, 0x0000000100000000)
  eden space 48640K, 83% used [0x00000000fa000000,0x00000000fc776d98,0x00000000fcf80000)
  from space 10304K, 57% used [0x00000000fdc30000,0x00000000fe1f27a0,0x00000000fe640000)
  to   space 11648K, 0% used [0x00000000fcf80000,0x00000000fcf80000,0x00000000fdae0000)
 ParOldGen       total 203840K, used 146851K [0x00000000e8000000, 0x00000000f4710000, 0x00000000fa000000)
  object space 203840K, 72% used [0x00000000e8000000,0x00000000f0f68ee0,0x00000000f4710000)
 PSPermGen       total 94208K, used 68000K [0x00000000e0000000, 0x00000000e5c00000, 0x00000000e8000000)
  object space 94208K, 72% used [0x00000000e0000000,0x00000000e4268310,0x00000000e5c00000)

Card table byte_map: [0x0000000026760000,0x0000000026870000] byte_map_base: 0x0000000026060000

Polling page: 0x00000000097f0000

Code Cache  [0x0000000023760000, 0x00000000244e0000, 0x0000000026760000)
 total_blobs=4757 nmethods=4064 adapters=639 free_code_cache=35579Kb largest_free_block=36199552

Compilation events (10 events):
Event: 76343.224 Thread 0x00000000231ee800 4598             java.nio.DirectByteBuffer::putLong (19 bytes)
Event: 76343.227 Thread 0x00000000231ee800 nmethod 4598 0x00000000243c1450 code [0x00000000243c1580, 0x00000000243c1618]
Event: 76356.412 Thread 0x00000000231ea000 4599   !         com.jniwrapper.win32.MessageLoopThread$LoopThread::run (522 bytes)
Event: 76356.476 Thread 0x00000000231ea000 nmethod 4599 0x00000000244cdc50 code [0x00000000244ce580, 0x00000000244d28b8]
Event: 76356.593 Thread 0x00000000231ee800 4600             com.jniwrapper.UInt8::read (18 bytes)
Event: 76356.595 Thread 0x00000000231ee800 nmethod 4600 0x00000000243c0ed0 code [0x00000000243c1020, 0x00000000243c1178]
Event: 76356.701 Thread 0x00000000231ea000 4601             java.lang.Class::argumentTypesToString (78 bytes)
Event: 76356.715 Thread 0x00000000231ea000 nmethod 4601 0x00000000244cbc90 code [0x00000000244cbe40, 0x00000000244cce48]
Event: 76356.748 Thread 0x00000000231ee800 4602             com.jniwrapper.win32.com.impl.IUnknownImpl::setAutoDelete (49 bytes)
Event: 76356.749 Thread 0x00000000231ee800 nmethod 4602 0x0000000024246410 code [0x0000000024246540, 0x00000000242465d8]

GC Heap History (10 events):
Event: 76143.961 GC heap before
{Heap before GC invocations=2774 (full 10):
 PSYoungGen      total 57856K, used 57814K [0x00000000fa000000, 0x00000000febc0000, 0x0000000100000000)
  eden space 53504K, 100% used [0x00000000fa000000,0x00000000fd440000,0x00000000fd440000)
  from space 4352K, 99% used [0x00000000fd550000,0x00000000fd985878,0x00000000fd990000)
  to   space 12032K, 0% used [0x00000000fe000000,0x00000000fe000000,0x00000000febc0000)
 ParOldGen       total 203840K, used 133987K [0x00000000e8000000, 0x00000000f4710000, 0x00000000fa000000)
  object space 203840K, 65% used [0x00000000e8000000,0x00000000f02d8d70,0x00000000f4710000)
 PSPermGen       total 94208K, used 67856K [0x00000000e0000000, 0x00000000e5c00000, 0x00000000e8000000)
  object space 94208K, 72% used [0x00000000e0000000,0x00000000e4244380,0x00000000e5c00000)
Event: 76143.980 GC heap after
Heap after GC invocations=2774 (full 10):
 PSYoungGen      total 63488K, used 4041K [0x00000000fa000000, 0x00000000feac0000, 0x0000000100000000)
  eden space 52480K, 0% used [0x00000000fa000000,0x00000000fa000000,0x00000000fd340000)
  from space 11008K, 36% used [0x00000000fe000000,0x00000000fe3f26b0,0x00000000feac0000)
  to   space 12032K, 0% used [0x00000000fd340000,0x00000000fd340000,0x00000000fdf00000)
 ParOldGen       total 203840K, used 137190K [0x00000000e8000000, 0x00000000f4710000, 0x00000000fa000000)
  object space 203840K, 67% used [0x00000000e8000000,0x00000000f05f9938,0x00000000f4710000)
 PSPermGen       total 94208K, used 67856K [0x00000000e0000000, 0x00000000e5c00000, 0x00000000e8000000)
  object space 94208K, 72% used [0x00000000e0000000,0x00000000e4244380,0x00000000e5c00000)
}
Event: 76152.440 GC heap before
{Heap before GC invocations=2775 (full 10):
 PSYoungGen      total 63488K, used 56521K [0x00000000fa000000, 0x00000000feac0000, 0x0000000100000000)
  eden space 52480K, 100% used [0x00000000fa000000,0x00000000fd340000,0x00000000fd340000)
  from space 11008K, 36% used [0x00000000fe000000,0x00000000fe3f26b0,0x00000000feac0000)
  to   space 12032K, 0% used [0x00000000fd340000,0x00000000fd340000,0x00000000fdf00000)
 ParOldGen       total 203840K, used 137190K [0x00000000e8000000, 0x00000000f4710000, 0x00000000fa000000)
  object space 203840K, 67% used [0x00000000e8000000,0x00000000f05f9938,0x00000000f4710000)
 PSPermGen       total 94208K, used 67898K [0x00000000e0000000, 0x00000000e5c00000, 0x00000000e8000000)
  object space 94208K, 72% used [0x00000000e0000000,0x00000000e424e958,0x00000000e5c00000)
Event: 76152.453 GC heap after
Heap after GC invocations=2775 (full 10):
 PSYoungGen      total 60032K, used 8525K [0x00000000fa000000, 0x00000000fea00000, 0x0000000100000000)
  eden space 51456K, 0% used [0x00000000fa000000,0x00000000fa000000,0x00000000fd240000)
  from space 8576K, 99% used [0x00000000fd340000,0x00000000fdb93600,0x00000000fdba0000)
  to   space 12160K, 0% used [0x00000000fde20000,0x00000000fde20000,0x00000000fea00000)
 ParOldGen       total 203840K, used 140764K [0x00000000e8000000, 0x00000000f4710000, 0x00000000fa000000)
  object space 203840K, 69% used [0x00000000e8000000,0x00000000f0977160,0x00000000f4710000)
 PSPermGen       total 94208K, used 67898K [0x00000000e0000000, 0x00000000e5c00000, 0x00000000e8000000)
  object space 94208K, 72% used [0x00000000e0000000,0x00000000e424e958,0x00000000e5c00000)
}
Event: 76257.437 GC heap before
{Heap before GC invocations=2776 (full 10):
 PSYoungGen      total 60032K, used 59981K [0x00000000fa000000, 0x00000000fea00000, 0x0000000100000000)
  eden space 51456K, 100% used [0x00000000fa000000,0x00000000fd240000,0x00000000fd240000)
  from space 8576K, 99% used [0x00000000fd340000,0x00000000fdb93600,0x00000000fdba0000)
  to   space 12160K, 0% used [0x00000000fde20000,0x00000000fde20000,0x00000000fea00000)
 ParOldGen       total 203840K, used 140764K [0x00000000e8000000, 0x00000000f4710000, 0x00000000fa000000)
  object space 203840K, 69% used [0x00000000e8000000,0x00000000f0977160,0x00000000f4710000)
 PSPermGen       total 94208K, used 67915K [0x00000000e0000000, 0x00000000e5c00000, 0x00000000e8000000)
  object space 94208K, 72% used [0x00000000e0000000,0x00000000e4252ef0,0x00000000e5c00000)
Event: 76257.455 GC heap after
Heap after GC invocations=2776 (full 10):
 PSYoungGen      total 62464K, used 1888K [0x00000000fa000000, 0x00000000fe9d0000, 0x0000000100000000)
  eden space 50496K, 0% used [0x00000000fa000000,0x00000000fa000000,0x00000000fd150000)
  from space 11968K, 15% used [0x00000000fde20000,0x00000000fdff8000,0x00000000fe9d0000)
  to   space 12544K, 0% used [0x00000000fd150000,0x00000000fd150000,0x00000000fdd90000)
 ParOldGen       total 203840K, used 146851K [0x00000000e8000000, 0x00000000f4710000, 0x00000000fa000000)
  object space 203840K, 72% used [0x00000000e8000000,0x00000000f0f68ee0,0x00000000f4710000)
 PSPermGen       total 94208K, used 67915K [0x00000000e0000000, 0x00000000e5c00000, 0x00000000e8000000)
  object space 94208K, 72% used [0x00000000e0000000,0x00000000e4252ef0,0x00000000e5c00000)
}
Event: 76273.549 GC heap before
{Heap before GC invocations=2777 (full 10):
 PSYoungGen      total 62464K, used 52384K [0x00000000fa000000, 0x00000000fe9d0000, 0x0000000100000000)
  eden space 50496K, 100% used [0x00000000fa000000,0x00000000fd150000,0x00000000fd150000)
  from space 11968K, 15% used [0x00000000fde20000,0x00000000fdff8000,0x00000000fe9d0000)
  to   space 12544K, 0% used [0x00000000fd150000,0x00000000fd150000,0x00000000fdd90000)
 ParOldGen       total 203840K, used 146851K [0x00000000e8000000, 0x00000000f4710000, 0x00000000fa000000)
  object space 203840K, 72% used [0x00000000e8000000,0x00000000f0f68ee0,0x00000000f4710000)
 PSPermGen       total 94208K, used 67963K [0x00000000e0000000, 0x00000000e5c00000, 0x00000000e8000000)
  object space 94208K, 72% used [0x00000000e0000000,0x00000000e425ec58,0x00000000e5c00000)
Event: 76273.561 GC heap after
Heap after GC invocations=2777 (full 10):
 PSYoungGen      total 54912K, used 5345K [0x00000000fa000000, 0x00000000fe800000, 0x0000000100000000)
  eden space 49536K, 0% used [0x00000000fa000000,0x00000000fa000000,0x00000000fd060000)
  from space 5376K, 99% used [0x00000000fd150000,0x00000000fd688690,0x00000000fd690000)
  to   space 12096K, 0% used [0x00000000fdc30000,0x00000000fdc30000,0x00000000fe800000)
 ParOldGen       total 203840K, used 146851K [0x00000000e8000000, 0x00000000f4710000, 0x00000000fa000000)
  object space 203840K, 72% used [0x00000000e8000000,0x00000000f0f68ee0,0x00000000f4710000)
 PSPermGen       total 94208K, used 67963K [0x00000000e0000000, 0x00000000e5c00000, 0x00000000e8000000)
  object space 94208K, 72% used [0x00000000e0000000,0x00000000e425ec58,0x00000000e5c00000)
}
Event: 76323.332 GC heap before
{Heap before GC invocations=2778 (full 10):
 PSYoungGen      total 54912K, used 54881K [0x00000000fa000000, 0x00000000fe800000, 0x0000000100000000)
  eden space 49536K, 100% used [0x00000000fa000000,0x00000000fd060000,0x00000000fd060000)
  from space 5376K, 99% used [0x00000000fd150000,0x00000000fd688690,0x00000000fd690000)
  to   space 12096K, 0% used [0x00000000fdc30000,0x00000000fdc30000,0x00000000fe800000)
 ParOldGen       total 203840K, used 146851K [0x00000000e8000000, 0x00000000f4710000, 0x00000000fa000000)
  object space 203840K, 72% used [0x00000000e8000000,0x00000000f0f68ee0,0x00000000f4710000)
 PSPermGen       total 94208K, used 67993K [0x00000000e0000000, 0x00000000e5c00000, 0x00000000e8000000)
  object space 94208K, 72% used [0x00000000e0000000,0x00000000e42664e0,0x00000000e5c00000)
Event: 76323.355 GC heap after
Heap after GC invocations=2778 (full 10):
 PSYoungGen      total 58944K, used 5897K [0x00000000fa000000, 0x00000000fe640000, 0x0000000100000000)
  eden space 48640K, 0% used [0x00000000fa000000,0x00000000fa000000,0x00000000fcf80000)
  from space 10304K, 57% used [0x00000000fdc30000,0x00000000fe1f27a0,0x00000000fe640000)
  to   space 11648K, 0% used [0x00000000fcf80000,0x00000000fcf80000,0x00000000fdae0000)
 ParOldGen       total 203840K, used 146851K [0x00000000e8000000, 0x00000000f4710000, 0x00000000fa000000)
  object space 203840K, 72% used [0x00000000e8000000,0x00000000f0f68ee0,0x00000000f4710000)
 PSPermGen       total 94208K, used 67993K [0x00000000e0000000, 0x00000000e5c00000, 0x00000000e8000000)
  object space 94208K, 72% used [0x00000000e0000000,0x00000000e42664e0,0x00000000e5c00000)
}

Deoptimization events (10 events):
Event: 76146.760 Thread 0x000000005965b800 Uncommon trap -58 fr.pc 0x0000000023efe3c8
Event: 76147.311 Thread 0x000000005965b800 Uncommon trap -58 fr.pc 0x000000002415c86c
Event: 76147.798 Thread 0x000000005965b800 Uncommon trap -12 fr.pc 0x00000000243589ec
Event: 76152.434 Thread 0x000000005965b800 Uncommon trap -83 fr.pc 0x00000000241a0a00
Event: 76163.409 Thread 0x000000005965b800 Uncommon trap -34 fr.pc 0x0000000024107800
Event: 76168.906 Thread 0x000000005965b800 Uncommon trap -34 fr.pc 0x0000000024107800
Event: 76168.937 Thread 0x000000005965b800 Uncommon trap -34 fr.pc 0x0000000024107800
Event: 76168.954 Thread 0x000000005965b800 Uncommon trap -34 fr.pc 0x0000000024107800
Event: 76208.903 Thread 0x000000005965b800 Uncommon trap -58 fr.pc 0x000000002415c86c
Event: 76264.899 Thread 0x000000005965b800 Uncommon trap -58 fr.pc 0x0000000023efe3c8

Internal exceptions (10 events):
Event: 76356.594 Thread 0x00000001708ee800 Threw 0x00000000fbe2c2e0 at C:\jdk7u1_64p\jdk7u11\hotspot\src\share\vm\prims\jvm.cpp:1166
Event: 76356.596 Thread 0x00000001708ee800 Threw 0x00000000fbe5a9d8 at C:\jdk7u1_64p\jdk7u11\hotspot\src\share\vm\prims\jvm.cpp:1166
Event: 76356.596 Thread 0x00000001708ee800 Threw 0x00000000fbe5b028 at C:\jdk7u1_64p\jdk7u11\hotspot\src\share\vm\prims\jvm.cpp:1166
Event: 76356.597 Thread 0x00000001708ee800 Threw 0x00000000fbe89758 at C:\jdk7u1_64p\jdk7u11\hotspot\src\share\vm\prims\jvm.cpp:1166
Event: 76356.597 Thread 0x00000001708ee800 Threw 0x00000000fbe89dc8 at C:\jdk7u1_64p\jdk7u11\hotspot\src\share\vm\prims\jvm.cpp:1166
Event: 76356.597 Thread 0x00000001708ee800 Threw 0x00000000fbeb8550 at C:\jdk7u1_64p\jdk7u11\hotspot\src\share\vm\prims\jvm.cpp:1166
Event: 76356.693 Thread 0x00000001708ee800 Threw 0x00000000fc135638 at C:\jdk7u1_64p\jdk7u11\hotspot\src\share\vm\runtime\reflection.cpp:1039
Event: 76356.697 Thread 0x00000001708ee800 Threw 0x00000000fc1bb3c0 at C:\jdk7u1_64p\jdk7u11\hotspot\src\share\vm\runtime\reflection.cpp:1039
Event: 76356.744 Thread 0x00000001708ee800 Threw 0x00000000fc58a630 at C:\jdk7u1_64p\jdk7u11\hotspot\src\share\vm\runtime\reflection.cpp:1039
Event: 76356.749 Thread 0x00000001708ee800 Threw 0x00000000fc6fba48 at C:\jdk7u1_64p\jdk7u11\hotspot\src\share\vm\prims\jvm.cpp:1166

Events (10 events):
Event: 76356.597 loading class 0x00000001784aa390 done
Event: 76356.617 Executing VM operation: RevokeBias
Event: 76356.618 Executing VM operation: RevokeBias done
Event: 76356.716 Thread 0x00000000231ea000 flushing nmethod 0x000000002442c410
Event: 76356.716 Thread 0x00000000231ea000 flushing nmethod 0x0000000024498750
Event: 76356.716 Thread 0x00000000231ea000 flushing nmethod 0x00000000244adfd0
Event: 76356.716 Thread 0x00000000231ea000 flushing nmethod 0x00000000244b1c10
Event: 76356.716 Thread 0x00000000231ea000 flushing nmethod 0x00000000244b4ad0
Event: 76356.749 loading class 0x00000001358abc00
Event: 76356.749 loading class 0x00000001358abc00 done


Dynamic libraries:
0x0000000140000000 - 0x0000000140029000 	C:\Program Files\MATLAB\R2013b2\bin\win64\MATLAB.exe
0x0000000076e40000 - 0x0000000076fdf000 	C:\Windows\SYSTEM32\ntdll.dll
0x0000000076b20000 - 0x0000000076c3f000 	C:\Windows\system32\kernel32.dll
0x000007fefcba0000 - 0x000007fefcc0a000 	C:\Windows\system32\KERNELBASE.dll
0x000000006f060000 - 0x000000006f3dc000 	C:\Program Files\MATLAB\R2013b2\bin\win64\libmwservices.dll
0x000000006fe80000 - 0x000000006ff56000 	C:\Program Files\MATLAB\R2013b2\bin\win64\libmwi18n.dll
0x000000006fe70000 - 0x000000006fe7d000 	C:\Program Files\MATLAB\R2013b2\bin\win64\libmwresource_core.dll
0x00000000746b0000 - 0x0000000074748000 	C:\Program Files\MATLAB\R2013b2\bin\win64\MSVCP100.dll
0x00000000745d0000 - 0x00000000746a2000 	C:\Program Files\MATLAB\R2013b2\bin\win64\MSVCR100.dll
0x00000000747e0000 - 0x00000000747ee000 	C:\Program Files\MATLAB\R2013b2\bin\win64\boost_date_time-vc100-mt-1_49.dll
0x00000000747b0000 - 0x00000000747dc000 	C:\Program Files\MATLAB\R2013b2\bin\win64\boost_filesystem-vc100-mt-1_49.dll
0x00000000747a0000 - 0x00000000747a9000 	C:\Program Files\MATLAB\R2013b2\bin\win64\boost_system-vc100-mt-1_49.dll
0x000007fefe3d0000 - 0x000007fefe4ab000 	C:\Windows\system32\ADVAPI32.dll
0x000007fefcee0000 - 0x000007fefcf7f000 	C:\Windows\system32\msvcrt.dll
0x000007fefed70000 - 0x000007fefed8f000 	C:\Windows\SYSTEM32\sechost.dll
0x000007fefedd0000 - 0x000007fefeefd000 	C:\Windows\system32\RPCRT4.dll
0x0000000074770000 - 0x0000000074795000 	C:\Program Files\MATLAB\R2013b2\bin\win64\LIBEXPAT.dll
0x000000006fb80000 - 0x000000006fd0a000 	C:\Program Files\MATLAB\R2013b2\bin\win64\icuin49.dll
0x0000000072780000 - 0x00000000728be000 	C:\Program Files\MATLAB\R2013b2\bin\win64\icuuc49.dll
0x000000005b460000 - 0x000000005c582000 	C:\Program Files\MATLAB\R2013b2\bin\win64\icudt49.dll
0x0000000074760000 - 0x0000000074770000 	C:\Program Files\MATLAB\R2013b2\bin\win64\icuio49.dll
0x0000000004100000 - 0x00000000041bb000 	C:\Program Files\MATLAB\R2013b2\bin\win64\libut.dll
0x000000006f960000 - 0x000000006fb07000 	C:\Program Files\MATLAB\R2013b2\bin\win64\libmwfl.dll
0x00000000042f0000 - 0x00000000046ff000 	C:\Program Files\MATLAB\R2013b2\bin\win64\libmwMATLAB_res.dll
0x0000000072190000 - 0x000000007226f000 	C:\Program Files\MATLAB\R2013b2\bin\win64\boost_regex-vc100-mt-1_49.dll
0x0000000076c40000 - 0x0000000076d3a000 	C:\Windows\system32\USER32.dll
0x000007fefdfe0000 - 0x000007fefe047000 	C:\Windows\system32\GDI32.dll
0x000007fefced0000 - 0x000007fefcede000 	C:\Windows\system32\LPK.dll
0x000007fefcf80000 - 0x000007fefd04b000 	C:\Windows\system32\USP10.dll
0x00000000745b0000 - 0x00000000745c1000 	C:\Program Files\MATLAB\R2013b2\bin\win64\boost_signals-vc100-mt-1_49.dll
0x0000000074590000 - 0x00000000745a1000 	C:\Program Files\MATLAB\R2013b2\bin\win64\boost_thread-vc100-mt-1_49.dll
0x0000000004700000 - 0x000000000478c000 	C:\Program Files\MATLAB\R2013b2\bin\win64\boost_log-vc100-mt-1_49.dll
0x0000000076fe0000 - 0x0000000076fe7000 	C:\Windows\system32\PSAPI.DLL
0x000007fefe050000 - 0x000007fefe09d000 	C:\Windows\system32\WS2_32.dll
0x000007fefedc0000 - 0x000007fefedc8000 	C:\Windows\system32\NSI.dll
0x000007fef6170000 - 0x000007fef61a3000 	C:\Program Files\MATLAB\R2013b2\bin\win64\tbb.dll
0x000007fefdfc0000 - 0x000007fefdfd9000 	C:\Windows\system32\imagehlp.dll
0x000007fefac70000 - 0x000007fefac9c000 	C:\Windows\system32\POWRPROF.dll
0x000007fefd050000 - 0x000007fefd227000 	C:\Windows\system32\SETUPAPI.dll
0x000007fefcb30000 - 0x000007fefcb66000 	C:\Windows\system32\CFGMGR32.dll
0x000007fefec90000 - 0x000007fefed6a000 	C:\Windows\system32\OLEAUT32.dll
0x000007fefea90000 - 0x000007fefec8d000 	C:\Windows\system32\ole32.dll
0x000007fefcb70000 - 0x000007fefcb8a000 	C:\Windows\system32\DEVOBJ.dll
0x0000000004790000 - 0x000000000488b000 	C:\Program Files\MATLAB\R2013b2\bin\win64\libmx.dll
0x000007fef6d90000 - 0x000007fef6db8000 	C:\Program Files\MATLAB\R2013b2\bin\win64\tbbmalloc.dll
0x0000000074570000 - 0x0000000074587000 	C:\Program Files\MATLAB\R2013b2\bin\win64\zlib1.dll
0x000000006ef00000 - 0x000000006ef4e000 	C:\Program Files\MATLAB\R2013b2\bin\win64\libmwregexp.dll
0x000000006eeb0000 - 0x000000006eef7000 	C:\Program Files\MATLAB\R2013b2\bin\win64\mpath.dll
0x0000000004890000 - 0x0000000004eb8000 	C:\Program Files\MATLAB\R2013b2\bin\win64\mlutil.dll
0x000000006e870000 - 0x000000006e8e7000 	C:\Program Files\MATLAB\R2013b2\bin\win64\xmlcore.dll
0x0000000004ec0000 - 0x0000000005101000 	C:\Program Files\MATLAB\R2013b2\bin\win64\xerces-c_2_7.dll
0x000000006e5f0000 - 0x000000006e613000 	C:\Program Files\MATLAB\R2013b2\bin\win64\libmwMATLAB_settings_res.dll
0x0000000074750000 - 0x0000000074760000 	C:\Program Files\MATLAB\R2013b2\bin\win64\boost_iostreams-vc100-mt-1_49.dll
0x0000000074520000 - 0x0000000074566000 	C:\Program Files\MATLAB\R2013b2\bin\win64\boost_serialization-vc100-mt-1_49.dll
0x000007fefd230000 - 0x000007fefdfbb000 	C:\Windows\system32\SHELL32.dll
0x000007fefe6e0000 - 0x000007fefe751000 	C:\Windows\system32\SHLWAPI.dll
0x000000006e580000 - 0x000000006e586000 	C:\Program Files\MATLAB\R2013b2\bin\win64\libmwnativedisplay.dll
0x00000000685f0000 - 0x000000006863d000 	C:\Program Files\MATLAB\R2013b2\bin\win64\opccore.dll
0x00000000684f0000 - 0x00000000685c6000 	C:\Program Files\MATLAB\R2013b2\bin\win64\opcmodel.dll
0x00000000684c0000 - 0x00000000684ed000 	C:\Program Files\MATLAB\R2013b2\bin\win64\opczippackage.dll
0x0000000074510000 - 0x000000007451e000 	C:\Program Files\MATLAB\R2013b2\bin\win64\libminizip.dll
0x0000000068340000 - 0x00000000683a6000 	C:\Program Files\MATLAB\R2013b2\bin\win64\opcmwservices.dll
0x000007fec8730000 - 0x000007fec87d0000 	C:\Windows\WinSxS\amd64_microsoft.windows.common-controls_6595b64144ccf1df_5.82.7601.18837_none_a4d981ff711297b6\COMCTL32.dll
0x000007fefef00000 - 0x000007fefef97000 	C:\Windows\system32\COMDLG32.dll
0x000007fefb610000 - 0x000007fefb626000 	C:\Windows\system32\NETAPI32.dll
0x000007fefb600000 - 0x000007fefb60c000 	C:\Windows\system32\netutils.dll
0x000007fefc680000 - 0x000007fefc6a3000 	C:\Windows\system32\srvcli.dll
0x000007fefb5e0000 - 0x000007fefb5f5000 	C:\Windows\system32\wkscli.dll
0x000000006e4d0000 - 0x000000006e57d000 	C:\Program Files\MATLAB\R2013b2\bin\win64\mcr.dll
0x000000006e110000 - 0x000000006e4d0000 	C:\Program Files\MATLAB\R2013b2\bin\win64\iqm.dll
0x0000000180000000 - 0x00000001800c2000 	C:\Program Files\MATLAB\R2013b2\bin\win64\m_dispatcher.dll
0x0000000005110000 - 0x000000000590b000 	C:\Program Files\MATLAB\R2013b2\bin\win64\m_interpreter.dll
0x000000006d760000 - 0x000000006d784000 	C:\Program Files\MATLAB\R2013b2\bin\win64\libmex.dll
0x000000006d6e0000 - 0x000000006d75b000 	C:\Program Files\MATLAB\R2013b2\bin\win64\profiler.dll
0x000000006d450000 - 0x000000006d5c8000 	C:\Program Files\MATLAB\R2013b2\bin\win64\libmwmathutil.dll
0x000000006d420000 - 0x000000006d447000 	C:\Program Files\MATLAB\R2013b2\bin\win64\libmwmathrng.dll
0x000000006d410000 - 0x000000006d420000 	C:\Program Files\MATLAB\R2013b2\bin\win64\libmwmfl_rng.dll
0x0000000005910000 - 0x0000000005a28000 	C:\Program Files\MATLAB\R2013b2\bin\win64\libmwmathcore.dll
0x000000006d2b0000 - 0x000000006d313000 	C:\Program Files\MATLAB\R2013b2\bin\win64\libmwspmatrix.dll
0x0000000005a30000 - 0x0000000005c92000 	C:\Program Files\MATLAB\R2013b2\bin\win64\mcos.dll
0x000000006cfc0000 - 0x000000006d01c000 	C:\Program Files\MATLAB\R2013b2\bin\win64\libmwcholmod.dll
0x000000006cfb0000 - 0x000000006cfbc000 	C:\Program Files\MATLAB\R2013b2\bin\win64\libmwamd.dll
0x000000006cfa0000 - 0x000000006cfab000 	C:\Program Files\MATLAB\R2013b2\bin\win64\libmwcolamd.dll
0x000000006cf80000 - 0x000000006cf93000 	C:\Program Files\MATLAB\R2013b2\bin\win64\libmwblas.dll
0x000000006cf60000 - 0x000000006cf75000 	C:\Program Files\MATLAB\R2013b2\bin\win64\libmwbinder.dll
0x000000006cf50000 - 0x000000006cf5b000 	C:\Program Files\MATLAB\R2013b2\bin\win64\libmwompwrapper.dll
0x000000006ced0000 - 0x000000006cf4f000 	C:\Program Files\MATLAB\R2013b2\bin\win64\libmwlapack.dll
0x000000006ceb0000 - 0x000000006ced0000 	C:\Program Files\MATLAB\R2013b2\bin\win64\m_pcodeio.dll
0x000000006ce50000 - 0x000000006ceac000 	C:\Program Files\MATLAB\R2013b2\bin\win64\m_ir.dll
0x0000000005ca0000 - 0x0000000006355000 	C:\Program Files\MATLAB\R2013b2\bin\win64\m_parser.dll
0x000000006c780000 - 0x000000006c797000 	C:\Program Files\MATLAB\R2013b2\bin\win64\ir_xfmr.dll
0x000000006c770000 - 0x000000006c780000 	C:\Program Files\MATLAB\R2013b2\bin\win64\mtok.dll
0x000000006c740000 - 0x000000006c768000 	C:\Program Files\MATLAB\R2013b2\bin\win64\m_pcodegen.dll
0x000007fef9650000 - 0x000007fef9775000 	C:\Windows\system32\dbghelp.dll
0x000000006c710000 - 0x000000006c73f000 	C:\Program Files\MATLAB\R2013b2\bin\win64\libmwbridge.dll
0x000000006c650000 - 0x000000006c706000 	C:\Program Files\MATLAB\R2013b2\bin\win64\udd.dll
0x0000000006360000 - 0x00000000064b1000 	C:\Program Files\MATLAB\R2013b2\bin\win64\libmwgui.dll
0x000000006c4d0000 - 0x000000006c4f8000 	C:\Program Files\MATLAB\R2013b2\bin\win64\graphics_util.dll
0x000000006f7e0000 - 0x000000006f898000 	C:\Program Files\MATLAB\R2013b2\bin\win64\libtex_base.dll
0x000000006bac0000 - 0x000000006c426000 	C:\Program Files\MATLAB\R2013b2\bin\win64\hg.dll
0x000000006ba60000 - 0x000000006babd000 	C:\Program Files\MATLAB\R2013b2\bin\win64\libmat.dll
0x000000006b850000 - 0x000000006ba58000 	C:\Program Files\MATLAB\R2013b2\bin\win64\hdf5dll.dll
0x000000006b780000 - 0x000000006b848000 	C:\Program Files\MATLAB\R2013b2\bin\win64\jmi.dll
0x000000006b770000 - 0x000000006b77e000 	C:\Program Files\MATLAB\R2013b2\bin\win64\nativejava_services.dll
0x00000000064c0000 - 0x0000000006502000 	C:\Program Files\MATLAB\R2013b2\bin\win64\libmwhardcopy.dll
0x000000006b6d0000 - 0x000000006b72e000 	C:\Program Files\MATLAB\R2013b2\bin\win64\libuij.dll
0x000000006b490000 - 0x000000006b695000 	C:\Program Files\MATLAB\R2013b2\bin\win64\hgdatatypes.dll
0x0000000006510000 - 0x0000000006622000 	C:\Program Files\MATLAB\R2013b2\bin\win64\hgutils.dll
0x000000006b2f0000 - 0x000000006b39e000 	C:\Program Files\MATLAB\R2013b2\bin\win64\udd_mi.dll
0x000000006b2b0000 - 0x000000006b2e6000 	C:\Program Files\MATLAB\R2013b2\bin\win64\libmwgbtutils.dll
0x000000006b290000 - 0x000000006b2a3000 	C:\Program Files\MATLAB\R2013b2\bin\win64\libmwgbt.dll
0x000000006afc0000 - 0x000000006b28f000 	C:\Program Files\MATLAB\R2013b2\bin\win64\uiw.dll
0x000000006afb0000 - 0x000000006afb9000 	C:\Program Files\MATLAB\R2013b2\bin\win64\uinone.dll
0x000000006af80000 - 0x000000006afac000 	C:\Program Files\MATLAB\R2013b2\bin\win64\libmwnativedialogs.dll
0x000000006af70000 - 0x000000006af7c000 	C:\Program Files\MATLAB\R2013b2\bin\win64\libmwplatform_res.dll
0x000007fefb200000 - 0x000007fefb218000 	C:\Windows\system32\MPR.dll
0x000000005a970000 - 0x000000005aecd000 	C:\Program Files\MATLAB\R2013b2\bin\win64\mfc100.dll
0x000007feec560000 - 0x000007feec567000 	C:\Windows\system32\MSIMG32.dll
0x000007feedbb0000 - 0x000007feedc21000 	C:\Windows\system32\WINSPOOL.DRV
0x000000006af50000 - 0x000000006af6d000 	C:\Program Files\MATLAB\R2013b2\bin\win64\mwoles05.DLL
0x000000006aee0000 - 0x000000006af4c000 	C:\Program Files\MATLAB\R2013b2\bin\win64\comcli.dll
0x00000000739e0000 - 0x0000000073a0b000 	C:\Program Files\MATLAB\R2013b2\bin\win64\ATL100.DLL
0x000000006aed0000 - 0x000000006aedc000 	C:\Program Files\MATLAB\R2013b2\bin\win64\mlautoregister.dll
0x0000000006630000 - 0x000000000679f000 	C:\Program Files\MATLAB\R2013b2\bin\win64\mvm.dll
0x000007fefed90000 - 0x000007fefedbe000 	C:\Windows\system32\IMM32.DLL
0x000007feff020000 - 0x000007feff129000 	C:\Windows\system32\MSCTF.dll
0x000007fef9c60000 - 0x000007fef9cb6000 	C:\Windows\system32\UxTheme.dll
0x000007fef9400000 - 0x000007fef9418000 	C:\Windows\system32\dwmapi.dll

VM Arguments:
jvm_args: -XX:PermSize=32m -Xms64m -XX:NewRatio=3 -XX:MaxPermSize=128m -Xmx384m -XX:MaxDirectMemorySize=2147400000 -Dsun.java2d.noddraw=true -Dsun.awt.nopixfmt=true -Xshare:off -Xrs -XX:-UseSplitVerifier -Djava.library.path=C:\Program Files\MATLAB\R2013b2\bin\win64;C:\Program Files\MATLAB\R2013b2\sys\jxbrowser\win64\lib vfprintf abort -Duser.language=en -Duser.country=US 
java_command: <unknown>
Launcher Type: generic

Environment Variables:
CLASSPATH=.;C:\Program Files (x86)\Java\jre1.8.0_74\lib\ext\QTJava.zip
PATH=C:\ProgramData\Oracle\Java\javapath;C:\Program Files (x86)\Intel\iCLS Client\;C:\Program Files\Intel\iCLS Client\;C:\Windows\system32;C:\Windows;C:\Windows\System32\Wbem;C:\Program Files\Intel\Intel(R) Management Engine Components\DAL;C:\Program Files\Intel\Intel(R) Management Engine Components\IPT;C:\Program Files (x86)\Intel\Intel(R) Management Engine Components\DAL;C:\Program Files (x86)\Intel\Intel(R) Management Engine Components\IPT;C:\Program Files\MATLAB\R2013b2\runtime\win64;C:\Program Files\MATLAB\R2013b2\bin;C:\Program Files\MATLAB\R2013b\runtime\win64;C:\Program Files\MATLAB\R2013b\bin;C:\Program Files (x86)\MATLAB\R2011a\runtime\win32;C:\Program Files (x86)\MATLAB\R2011a\bin;C:\Program Files\HDF_Group\HDFView\2.11.0\bin;C:\Program Files\HDF_Group\HDF5\1.8.14\bin;C:\Program Files\Point Grey Research\FlyCapture2\bin64;C:\Program Files (x86)\Point Grey Research\FlyCapture2\bin;C:\Program Files (x86)\Windows Kits\8.0\Windows Performance Toolkit\;C:\Program Files\Microsoft SQL Server\110\Tools\Binn\;C:\Program Files (x86)\QuickTime\QTSystem\;C:\Program Files\MiKTeX 2.9\miktex\bin\x64\;C:\Windows\System32\WindowsPowerShell\v1.0\;C:\Windows\System32\WindowsPowerShell\v1.0\;C:\Windows\System32\WindowsPowerShell\v1.0\
USERNAME=hgkim
OS=Windows_NT
PROCESSOR_IDENTIFIER=Intel64 Family 6 Model 60 Stepping 3, GenuineIntel



---------------  S Y S T E M  ---------------

OS: Windows 7 , 64 bit Build 7601 Service Pack 1

CPU:total 4 (4 cores per cpu, 1 threads per core) family 6 model 60 stepping 3, cmov, cx8, fxsr, mmx, sse, sse2, sse3, ssse3, sse4.1, sse4.2, popcnt, avx, avx2, tsc, tscinvbit

Memory: 4k page, physical 16670416k(3093348k free), swap 33338956k(18586636k free)

vm_info: Java HotSpot(TM) 64-Bit Server VM (23.6-b04) for windows-amd64 JRE (1.7.0_11-b21), built on Jan 12 2013 02:38:42 by "java_re" with unknown MS VC++:1600

time: Sat Aug 25 18:51:55 2018
elapsed time: 76356 seconds

