2020-01-06 20:40:34,139 INFO load_virmen_data - Exclude 0/339 trials
2020-01-06 20:40:45,278 INFO batch_run - run plot_vr_behavior
2020-01-06 20:42:50,654 INFO load_virmen_data - Exclude 0/339 trials
2020-01-06 20:43:01,219 INFO batch_run - run plot_vr_behavior
2020-01-06 20:43:38,519 INFO batch_run - run plot_vr_closed_loop_behavior
2020-01-06 20:43:47,217 WARN load_virmen_data - trial          111133588903461780103 has multiple reward 2222222222
2020-01-06 20:43:47,236 ERROR load_virmen_data - # of unexpected rew in DAQ (159) < log file (160). might be given in trial duration
2020-01-06 20:43:47,259 INFO load_virmen_data - Exclude 0/160 trials
2020-01-06 20:43:54,134 INFO batch_run - run plot_vr_behavior
2020-01-06 20:44:08,389 INFO batch_run - run plot_exercise_running
2020-01-06 20:52:51,633 INFO load_virmen_data - Exclude 0/339 trials
2020-01-06 20:53:02,086 INFO batch_run - run plot_vr_behavior
2020-01-06 20:53:20,049 INFO batch_run - run plot_vr_closed_loop_behavior
2020-01-06 20:53:28,608 WARN load_virmen_data - trial          111133588903461780103 has multiple reward 2222222222
2020-01-06 20:53:28,628 ERROR load_virmen_data - # of unexpected rew in DAQ (159) < log file (160). might be given in trial duration
2020-01-06 20:53:28,645 INFO load_virmen_data - Exclude 0/160 trials
2020-01-06 20:53:35,546 INFO batch_run - run plot_vr_behavior
2020-01-06 20:53:49,805 INFO batch_run - run plot_exercise_running
2020-01-06 20:56:04,181 INFO load_virmen_data - Exclude 0/339 trials
2020-01-06 20:56:14,590 INFO batch_run - run plot_vr_behavior
2020-01-06 20:56:32,330 INFO batch_run - run plot_vr_closed_loop_behavior
2020-01-06 20:56:40,721 INFO batch_run - run plot_avg_laser_triggered_FP
2020-01-06 20:56:40,754 INFO batch_run - run plot_vr_neurons
2020-01-06 20:57:00,465 WARN load_virmen_data - trial          111133588903461780103 has multiple reward 2222222222
2020-01-06 20:57:00,485 ERROR load_virmen_data - # of unexpected rew in DAQ (159) < log file (160). might be given in trial duration
2020-01-06 20:57:00,508 INFO load_virmen_data - Exclude 0/160 trials
2020-01-06 20:57:07,392 INFO batch_run - run plot_vr_behavior
2020-01-06 20:57:21,545 INFO batch_run - run plot_exercise_running
2020-01-07 18:08:02,204 INFO load_virmen_data - Exclude 0/380 trials
2020-01-07 18:08:47,696 INFO batch_run - run plot_vr_behavior
2020-01-07 18:09:21,659 INFO batch_run - run plot_vr_neurons
2020-01-07 19:37:14,819 INFO load_virmen_data - Exclude 0/206 trials
2020-01-07 19:37:38,725 INFO batch_run - run plot_vr_behavior
2020-01-07 19:38:10,279 INFO batch_run - run plot_vr_neurons
2020-01-07 19:39:32,790 INFO load_virmen_data - Exclude 0/274 trials
2020-01-07 19:39:45,853 INFO batch_run - run plot_vr_behavior
2020-01-07 19:40:11,357 INFO batch_run - run plot_vr_neurons
2020-01-07 21:16:50,717 INFO load_virmen_data - Exclude 0/173 trials
2020-01-07 21:17:03,144 INFO batch_run - run plot_vr_behavior
2020-01-07 21:17:29,492 INFO batch_run - run plot_vr_neurons
2020-01-07 21:18:08,506 INFO load_virmen_data - Exclude 0/82 trials
2020-01-07 21:18:14,284 INFO batch_run - run plot_vr_behavior
2020-01-07 21:18:36,534 INFO batch_run - run plot_vr_neurons
2020-01-07 21:19:53,528 INFO load_virmen_data - Exclude 0/270 trials
2020-01-07 21:20:06,222 INFO batch_run - run plot_vr_behavior
2020-01-07 21:20:32,015 INFO batch_run - run plot_vr_neurons
2020-01-07 21:22:23,632 INFO load_virmen_data - Exclude 0/411 trials
2020-01-07 21:22:44,003 INFO batch_run - run plot_vr_behavior
2020-01-07 21:23:07,242 INFO batch_run - run plot_vr_closed_loop_behavior
2020-01-07 21:23:16,922 INFO batch_run - run plot_avg_laser_triggered_FP
2020-01-07 21:23:16,954 INFO batch_run - run plot_vr_neurons
2020-01-08 16:37:00,019 INFO load_virmen_data - Exclude 0/174 trials
2020-01-08 16:37:19,525 INFO batch_run - run plot_vr_behavior
2020-01-08 16:37:49,873 INFO batch_run - run plot_vr_neurons
2020-01-08 16:39:17,796 INFO load_virmen_data - Exclude 0/205 trials
2020-01-08 16:39:34,747 INFO batch_run - run plot_vr_behavior
2020-01-08 16:39:58,511 INFO batch_run - run plot_avg_laser_triggered_FP
2020-01-08 16:39:58,637 INFO batch_run - run plot_vr_neurons
2020-01-08 16:41:14,040 INFO load_virmen_data - Exclude 0/185 trials
2020-01-08 16:41:27,669 INFO batch_run - run plot_vr_behavior
2020-01-08 16:41:54,922 INFO batch_run - run plot_vr_neurons
2020-01-08 16:43:06,224 INFO load_virmen_data - Exclude 0/175 trials
2020-01-08 16:43:17,924 INFO batch_run - run plot_vr_behavior
2020-01-08 16:43:37,456 INFO batch_run - run plot_avg_laser_triggered_FP
2020-01-08 16:43:37,502 INFO batch_run - run plot_vr_neurons
2020-01-08 16:44:33,947 INFO load_virmen_data - Exclude 0/150 trials
2020-01-08 16:44:44,227 INFO batch_run - run plot_vr_behavior
2020-01-08 16:45:05,264 INFO batch_run - run plot_vr_neurons
2020-01-08 16:46:01,965 INFO load_virmen_data - Exclude 0/128 trials
2020-01-08 16:46:11,017 INFO batch_run - run plot_vr_behavior
2020-01-08 16:46:26,062 INFO batch_run - run plot_avg_laser_triggered_FP
2020-01-08 16:46:26,179 INFO batch_run - run plot_vr_neurons
2020-01-09 14:06:40,097 INFO load_virmen_data - Exclude 0/125 trials
2020-01-09 14:06:55,939 INFO batch_run - run plot_vr_behavior
2020-01-09 14:07:17,458 INFO batch_run - run plot_vr_neurons
2020-01-09 14:08:22,092 INFO load_virmen_data - Exclude 0/145 trials
2020-01-09 14:08:31,767 INFO batch_run - run plot_vr_behavior
2020-01-09 14:08:46,645 INFO batch_run - run plot_avg_laser_triggered_FP
2020-01-09 14:08:46,681 INFO batch_run - run plot_vr_neurons
2020-01-10 17:31:51,590 INFO load_virmen_data - Exclude 0/81 trials
2020-01-10 17:32:08,694 INFO batch_run - run plot_vr_behavior
2020-01-10 17:32:42,108 INFO batch_run - run plot_vr_neurons
2020-01-10 17:33:54,831 INFO load_virmen_data - Exclude 0/72 trials
2020-01-10 17:34:01,941 INFO batch_run - run plot_vr_behavior
2020-01-10 17:34:15,681 INFO batch_run - run plot_avg_laser_triggered_FP
2020-01-10 17:34:15,728 INFO batch_run - run plot_vr_neurons
2020-01-10 17:34:53,822 INFO load_virmen_data - Exclude 0/78 trials
2020-01-10 17:35:00,653 INFO batch_run - run plot_vr_behavior
2020-01-10 17:35:18,128 INFO batch_run - run plot_avg_laser_triggered_FP
2020-01-10 17:35:18,164 INFO batch_run - run plot_vr_neurons
2020-01-10 17:35:54,532 INFO load_virmen_data - Exclude 0/72 trials
2020-01-10 17:36:00,760 INFO batch_run - run plot_vr_behavior
2020-01-10 17:36:16,888 INFO batch_run - run plot_avg_laser_triggered_FP
2020-01-10 17:36:16,924 INFO batch_run - run plot_vr_neurons
2020-01-10 17:36:42,003 ERROR load_virmen_data - # of total rew(34) - reward during trials(0) is smaller than unexp rew(35)
2020-01-10 17:36:42,026 ERROR load_virmen_data - # of unexpected rew in DAQ (34) < log file (35). might be given in trial duration
2020-01-10 17:36:42,912 INFO load_virmen_data - Exclude 0/35 trials
2020-01-10 17:36:48,716 INFO batch_run - run plot_vr_neurons
2020-01-10 17:37:23,534 INFO load_virmen_data - Exclude 0/93 trials
2020-01-10 17:37:30,516 INFO batch_run - run plot_vr_behavior
2020-01-10 17:37:48,440 INFO batch_run - run plot_avg_laser_triggered_FP
2020-01-10 17:37:48,475 INFO batch_run - run plot_vr_neurons
2020-01-10 18:01:05,358 INFO load_virmen_data - Exclude 0/85 trials
2020-01-10 18:01:13,231 INFO batch_run - run plot_vr_behavior
2020-01-10 18:01:35,161 INFO batch_run - run plot_vr_neurons
2020-01-10 18:02:10,413 INFO load_virmen_data - Exclude 0/54 trials
2020-01-10 18:02:18,705 INFO batch_run - run plot_vr_behavior
2020-01-10 18:02:32,759 INFO batch_run - run plot_avg_laser_triggered_FP
2020-01-10 18:02:32,792 INFO batch_run - run plot_vr_neurons
2020-01-10 18:03:11,743 INFO load_virmen_data - Exclude 0/78 trials
2020-01-10 18:03:21,959 INFO batch_run - run plot_vr_behavior
2020-01-10 18:03:40,282 INFO batch_run - run plot_avg_laser_triggered_FP
2020-01-10 18:03:40,309 INFO batch_run - run plot_vr_neurons
2020-01-10 18:04:11,169 INFO load_virmen_data - Exclude 0/58 trials
2020-01-10 18:04:17,346 INFO batch_run - run plot_vr_behavior
2020-01-10 18:04:37,501 INFO batch_run - run plot_avg_laser_triggered_FP
2020-01-10 18:04:37,536 INFO batch_run - run plot_vr_neurons
2020-01-10 18:05:02,133 INFO load_virmen_data - Exclude 0/33 trials
2020-01-10 18:05:06,995 INFO batch_run - run plot_vr_neurons
2020-01-10 18:05:41,992 INFO load_virmen_data - Exclude 0/90 trials
2020-01-10 18:05:49,589 INFO batch_run - run plot_vr_behavior
2020-01-10 18:06:11,545 INFO batch_run - run plot_avg_laser_triggered_FP
2020-01-10 18:06:11,583 INFO batch_run - run plot_vr_neurons
2020-01-10 19:01:29,858 INFO load_virmen_data - Exclude 0/225 trials
2020-01-10 19:01:39,902 INFO batch_run - run plot_vr_behavior
2020-01-10 19:01:58,718 INFO batch_run - run plot_vr_neurons
2020-01-10 19:03:00,340 INFO load_virmen_data - Exclude 0/239 trials
2020-01-10 19:03:10,791 INFO batch_run - run plot_vr_behavior
2020-01-10 19:03:27,404 INFO batch_run - run plot_vr_closed_loop_behavior
2020-01-10 19:03:33,665 INFO batch_run - run plot_avg_laser_triggered_FP
2020-01-10 19:03:33,700 INFO batch_run - run plot_vr_neurons
2020-01-10 19:04:56,157 INFO load_virmen_data - Exclude 0/331 trials
2020-01-10 19:05:09,948 INFO batch_run - run plot_vr_behavior
2020-01-10 19:05:29,623 INFO batch_run - run plot_vr_neurons
2020-01-10 19:07:27,781 INFO load_virmen_data - Exclude 0/368 trials
2020-01-10 19:07:51,938 INFO batch_run - run plot_vr_behavior
2020-01-10 19:08:14,768 INFO batch_run - run plot_vr_closed_loop_behavior
2020-01-10 19:08:27,258 INFO batch_run - run plot_avg_laser_triggered_FP
2020-01-10 19:08:27,286 INFO batch_run - run plot_vr_neurons
2020-01-10 19:09:32,800 INFO load_virmen_data - Exclude 0/237 trials
2020-01-10 19:09:43,021 INFO batch_run - run plot_vr_behavior
2020-01-10 19:10:01,619 INFO batch_run - run plot_vr_neurons
2020-01-10 19:11:14,752 INFO load_virmen_data - Exclude 0/124 trials
2020-01-10 19:11:22,811 INFO batch_run - run plot_vr_behavior
2020-01-10 19:11:40,522 INFO batch_run - run plot_vr_neurons
2020-01-10 19:13:11,982 INFO load_virmen_data - Exclude 0/367 trials
2020-01-10 19:13:27,550 INFO batch_run - run plot_vr_behavior
2020-01-10 19:13:49,454 INFO batch_run - run plot_vr_closed_loop_behavior
2020-01-10 19:14:01,352 INFO batch_run - run plot_avg_laser_triggered_FP
2020-01-10 19:14:01,399 INFO batch_run - run plot_vr_neurons
2020-01-10 19:14:59,051 INFO load_virmen_data - Exclude 0/125 trials
2020-01-10 19:15:07,346 INFO batch_run - run plot_vr_behavior
2020-01-10 19:15:21,154 INFO batch_run - run plot_avg_laser_triggered_FP
2020-01-10 19:15:22,474 INFO batch_run - run plot_vr_neurons
2020-01-10 19:31:19,663 INFO load_virmen_data - Exclude 0/140 trials
2020-01-10 19:31:28,169 INFO batch_run - run plot_vr_behavior
2020-01-10 19:31:46,718 INFO batch_run - run plot_vr_neurons
2020-01-10 19:32:38,525 INFO load_virmen_data - Exclude 0/126 trials
2020-01-10 19:32:46,674 INFO batch_run - run plot_vr_behavior
2020-01-10 19:33:00,815 INFO batch_run - run plot_avg_laser_triggered_FP
2020-01-10 19:33:00,846 INFO batch_run - run plot_vr_neurons
2020-01-10 21:51:29,691 INFO load_virmen_data - Exclude 0/179 trials
2020-01-10 21:51:39,399 INFO batch_run - run plot_vr_behavior
2020-01-10 21:51:58,190 INFO batch_run - run plot_vr_neurons
2020-01-10 21:52:46,640 INFO load_virmen_data - Exclude 0/130 trials
2020-01-10 21:52:54,762 INFO batch_run - run plot_vr_behavior
2020-01-10 21:53:13,163 INFO batch_run - run plot_vr_neurons
2020-01-10 21:54:41,354 INFO load_virmen_data - Exclude 0/266 trials
2020-01-10 21:54:55,105 INFO batch_run - run plot_vr_behavior
2020-01-10 21:55:11,273 INFO batch_run - run plot_avg_laser_triggered_FP
2020-01-10 21:55:11,307 INFO batch_run - run plot_vr_neurons
2020-01-10 21:56:36,977 INFO load_virmen_data - Exclude 0/266 trials
2020-01-10 21:56:50,927 INFO batch_run - run plot_vr_behavior
2020-01-10 21:57:07,730 INFO batch_run - run plot_avg_laser_triggered_FP
2020-01-10 21:57:07,764 INFO batch_run - run plot_vr_neurons
2020-01-11 18:01:10,101 INFO load_virmen_data - Exclude 0/105 trials
2020-01-11 18:01:17,120 INFO batch_run - run plot_vr_behavior
2020-01-11 18:01:35,064 INFO batch_run - run plot_vr_neurons
2020-01-11 18:02:19,127 INFO load_virmen_data - Exclude 0/107 trials
2020-01-11 18:02:26,467 INFO batch_run - run plot_vr_behavior
2020-01-11 18:02:40,330 INFO batch_run - run plot_avg_laser_triggered_FP
2020-01-11 18:02:40,363 INFO batch_run - run plot_vr_neurons
2020-01-11 18:03:23,986 INFO load_virmen_data - Exclude 0/115 trials
2020-01-11 18:03:31,244 INFO batch_run - run plot_vr_behavior
2020-01-11 18:03:48,687 INFO batch_run - run plot_vr_neurons
2020-01-11 18:04:33,609 INFO load_virmen_data - Exclude 0/118 trials
2020-01-11 18:04:41,210 INFO batch_run - run plot_vr_behavior
2020-01-11 18:04:59,748 INFO batch_run - run plot_vr_neurons
2020-01-11 18:05:27,776 INFO load_virmen_data - Exclude 0/53 trials
2020-01-11 18:05:32,597 INFO batch_run - run plot_vr_behavior
2020-01-11 18:05:45,406 INFO batch_run - run plot_avg_laser_triggered_FP
2020-01-11 18:05:45,440 INFO batch_run - run plot_vr_neurons
2020-01-11 18:06:17,548 INFO load_virmen_data - Exclude 0/74 trials
2020-01-11 18:06:23,271 INFO batch_run - run plot_vr_behavior
2020-01-11 18:06:35,950 INFO batch_run - run plot_avg_laser_triggered_FP
2020-01-11 18:06:35,988 INFO batch_run - run plot_vr_neurons
2020-01-11 20:21:41,916 INFO load_virmen_data - Exclude 0/286 trials
2020-01-11 20:21:53,870 INFO batch_run - run plot_vr_behavior
2020-01-11 20:22:14,911 INFO batch_run - run plot_vr_neurons
2020-01-11 20:23:34,119 INFO load_virmen_data - Exclude 0/297 trials
2020-01-11 20:23:46,255 INFO batch_run - run plot_vr_behavior
2020-01-11 20:24:06,079 INFO batch_run - run plot_vr_neurons
2020-01-11 20:25:21,103 INFO load_virmen_data - Exclude 0/288 trials
2020-01-11 20:25:32,970 INFO batch_run - run plot_vr_behavior
2020-01-11 20:25:53,278 INFO batch_run - run plot_vr_neurons
2020-01-11 21:01:39,674 INFO load_virmen_data - Exclude 0/275 trials
2020-01-11 21:01:51,262 INFO batch_run - run plot_vr_behavior
2020-01-11 21:02:11,040 INFO batch_run - run plot_vr_closed_loop_behavior
2020-01-11 21:02:21,176 INFO batch_run - run plot_avg_laser_triggered_FP
2020-01-11 21:02:21,207 INFO batch_run - run plot_vr_neurons
2020-01-11 21:03:36,394 INFO load_virmen_data - Exclude 0/201 trials
2020-01-11 21:03:48,671 INFO batch_run - run plot_vr_behavior
2020-01-11 21:04:04,649 INFO batch_run - run plot_vr_closed_loop_behavior
2020-01-11 21:04:12,890 INFO batch_run - run plot_avg_laser_triggered_FP
2020-01-11 21:04:12,925 INFO batch_run - run plot_vr_neurons
2020-01-11 21:05:53,611 INFO load_virmen_data - Exclude 0/409 trials
2020-01-11 21:06:12,952 INFO batch_run - run plot_vr_behavior
2020-01-11 21:06:37,287 INFO batch_run - run plot_vr_closed_loop_behavior
2020-01-11 21:06:50,396 INFO batch_run - run plot_avg_laser_triggered_FP
2020-01-11 21:06:50,420 INFO batch_run - run plot_vr_neurons
2020-01-12 14:34:43,932 INFO load_virmen_data - Exclude 0/232 trials
2020-01-12 14:35:01,452 INFO batch_run - run plot_vr_behavior
2020-01-12 14:35:33,618 INFO batch_run - run plot_vr_neurons
2020-01-12 14:36:38,392 INFO load_virmen_data - Exclude 0/212 trials
2020-01-12 14:36:48,215 INFO batch_run - run plot_vr_behavior
2020-01-12 14:37:07,831 INFO batch_run - run plot_vr_neurons
2020-01-12 15:24:48,572 INFO load_virmen_data - Exclude 0/261 trials
2020-01-12 15:25:01,069 INFO batch_run - run plot_vr_behavior
2020-01-12 15:25:23,726 INFO batch_run - run plot_vr_closed_loop_behavior
2020-01-12 15:25:34,780 INFO batch_run - run plot_avg_laser_triggered_FP
2020-01-12 15:25:34,827 INFO batch_run - run plot_vr_neurons
2020-01-12 15:26:12,833 INFO load_virmen_data - Exclude 0/59 trials
2020-01-12 15:26:19,052 INFO batch_run - run plot_vr_behavior
2020-01-12 15:26:33,139 INFO batch_run - run plot_vr_closed_loop_behavior
2020-01-12 15:26:39,633 INFO batch_run - run plot_avg_laser_triggered_FP
2020-01-12 15:26:39,665 INFO batch_run - run plot_vr_neurons
2020-01-12 15:27:48,357 INFO load_virmen_data - Exclude 0/322 trials
2020-01-12 15:28:01,661 INFO batch_run - run plot_vr_behavior
2020-01-12 15:28:22,648 INFO batch_run - run plot_vr_closed_loop_behavior
2020-01-12 15:28:32,997 INFO batch_run - run plot_avg_laser_triggered_FP
2020-01-12 15:28:33,044 INFO batch_run - run plot_vr_neurons
2020-01-12 20:24:20,047 INFO load_virmen_data - Exclude 0/154 trials
2020-01-12 20:24:27,480 INFO batch_run - run plot_vr_behavior
2020-01-12 20:24:46,516 INFO batch_run - run plot_vr_neurons
2020-01-12 20:25:56,378 ERROR load_virmen_data - # of total rew(282) - reward during trials(269) is smaller than unexp rew(14)
2020-01-12 20:25:56,403 ERROR load_virmen_data - # of unexpected rew in DAQ (13) < log file (14). might be given in trial duration
2020-01-12 20:25:57,709 INFO load_virmen_data - Exclude 0/269 trials
2020-01-12 20:26:09,036 INFO batch_run - run plot_vr_behavior
2020-01-12 20:26:28,949 INFO batch_run - run plot_vr_neurons
2020-01-12 20:27:21,193 INFO load_virmen_data - Exclude 0/140 trials
2020-01-12 20:27:29,697 INFO batch_run - run plot_vr_behavior
2020-01-12 20:27:48,047 INFO batch_run - run plot_vr_neurons
2020-01-12 20:28:41,542 INFO load_virmen_data - Exclude 0/142 trials
2020-01-12 20:28:50,083 INFO batch_run - run plot_vr_behavior
2020-01-12 20:29:08,681 INFO batch_run - run plot_vr_neurons
2020-01-12 20:30:12,686 INFO load_virmen_data - Exclude 0/180 trials
2020-01-12 20:30:22,802 INFO batch_run - run plot_vr_behavior
2020-01-12 20:30:37,693 INFO batch_run - run plot_avg_laser_triggered_FP
2020-01-12 20:30:37,724 INFO batch_run - run plot_vr_neurons
2020-01-12 20:31:36,107 INFO load_virmen_data - Exclude 0/163 trials
2020-01-12 20:31:45,783 INFO batch_run - run plot_vr_behavior
2020-01-12 20:32:00,833 INFO batch_run - run plot_avg_laser_triggered_FP
2020-01-12 20:32:00,864 INFO batch_run - run plot_vr_neurons
2020-01-12 20:32:52,379 INFO load_virmen_data - Exclude 0/140 trials
2020-01-12 20:33:00,680 INFO batch_run - run plot_vr_behavior
2020-01-12 20:33:18,783 INFO batch_run - run plot_vr_neurons
2020-01-12 20:34:07,123 INFO load_virmen_data - Exclude 0/131 trials
2020-01-12 20:34:15,271 INFO batch_run - run plot_vr_behavior
2020-01-12 20:34:33,746 INFO batch_run - run plot_vr_neurons
2020-01-12 20:35:23,410 INFO load_virmen_data - Exclude 0/125 trials
2020-01-12 20:35:31,354 INFO batch_run - run plot_vr_behavior
2020-01-12 20:35:45,001 INFO batch_run - run plot_avg_laser_triggered_FP
2020-01-12 20:35:45,034 INFO batch_run - run plot_vr_neurons
2020-01-12 20:36:34,757 INFO load_virmen_data - Exclude 0/140 trials
2020-01-12 20:36:43,475 INFO batch_run - run plot_vr_behavior
2020-01-12 20:36:57,930 INFO batch_run - run plot_avg_laser_triggered_FP
2020-01-12 20:36:57,963 INFO batch_run - run plot_vr_neurons
2020-01-12 20:37:45,885 INFO load_virmen_data - Exclude 0/130 trials
2020-01-12 20:37:53,745 INFO batch_run - run plot_vr_behavior
2020-01-12 20:38:11,524 INFO batch_run - run plot_vr_neurons
2020-01-12 20:38:57,191 INFO load_virmen_data - Exclude 0/120 trials
2020-01-12 20:39:04,720 INFO batch_run - run plot_vr_behavior
2020-01-12 20:39:22,678 INFO batch_run - run plot_vr_neurons
2020-01-12 20:40:21,088 INFO load_virmen_data - Exclude 0/166 trials
2020-01-12 20:40:30,585 INFO batch_run - run plot_vr_behavior
2020-01-12 20:40:45,121 INFO batch_run - run plot_avg_laser_triggered_FP
2020-01-12 20:40:45,153 INFO batch_run - run plot_vr_neurons
2020-01-12 20:41:41,196 INFO load_virmen_data - Exclude 0/161 trials
2020-01-12 20:41:50,753 INFO batch_run - run plot_vr_behavior
2020-01-12 20:42:05,633 INFO batch_run - run plot_avg_laser_triggered_FP
2020-01-12 20:42:05,667 INFO batch_run - run plot_vr_neurons
2020-01-13 21:24:30,985 INFO load_virmen_data - Exclude 0/196 trials
2020-01-13 21:24:40,186 INFO batch_run - run plot_vr_behavior
2020-01-13 21:24:58,164 INFO batch_run - run plot_vr_neurons
2020-01-13 21:26:02,360 INFO load_virmen_data - Exclude 0/241 trials
2020-01-13 21:26:13,058 INFO batch_run - run plot_vr_behavior
2020-01-13 21:26:33,595 INFO batch_run - run plot_vr_neurons
2020-01-13 21:27:01,850 INFO load_virmen_data - Exclude 0/230 trials
2020-01-13 21:27:08,948 INFO batch_run - run plot_vr_behavior
2020-01-13 21:27:28,341 INFO batch_run - run plot_vr_neurons
2020-01-13 21:27:46,187 INFO load_virmen_data - Exclude 0/279 trials
2020-01-13 21:27:55,181 INFO batch_run - run plot_vr_behavior
2020-01-13 21:28:15,648 INFO batch_run - run plot_vr_neurons
2020-01-13 21:28:34,708 INFO load_virmen_data - Exclude 0/244 trials
2020-01-13 21:28:45,047 INFO batch_run - run plot_vr_behavior
2020-01-13 21:29:00,457 INFO batch_run - run plot_avg_laser_triggered_FP
2020-01-13 21:29:00,524 INFO batch_run - run plot_vr_neurons
2020-01-13 21:30:25,014 INFO load_virmen_data - Exclude 0/261 trials
2020-01-13 21:30:39,627 INFO batch_run - run plot_vr_behavior
2020-01-13 21:30:56,892 INFO batch_run - run plot_avg_laser_triggered_FP
2020-01-13 21:30:56,926 INFO batch_run - run plot_vr_neurons
2020-01-13 21:31:53,408 INFO load_virmen_data - Exclude 0/195 trials
2020-01-13 21:32:02,931 INFO batch_run - run plot_vr_behavior
2020-01-13 21:32:22,861 INFO batch_run - run plot_vr_closed_loop_behavior
2020-01-13 21:32:31,233 INFO batch_run - run plot_avg_laser_triggered_FP
2020-01-13 21:32:31,264 INFO batch_run - run plot_vr_neurons
2020-01-13 21:33:55,306 INFO load_virmen_data - Exclude 0/327 trials
2020-01-13 21:34:08,834 INFO batch_run - run plot_vr_behavior
2020-01-13 21:34:29,920 INFO batch_run - run plot_vr_closed_loop_behavior
2020-01-13 21:34:40,938 INFO batch_run - run plot_avg_laser_triggered_FP
2020-01-13 21:34:40,974 INFO batch_run - run plot_vr_neurons
2020-02-04 16:44:41,896 INFO load_virmen_data - Exclude 0/259 trials
2020-02-04 16:45:03,985 INFO batch_run - run plot_vr_behavior
2020-02-04 16:45:33,286 INFO batch_run - run plot_avg_laser_triggered_FP
2020-02-04 16:45:33,343 INFO batch_run - run plot_vr_neurons
2020-02-04 16:46:51,375 INFO load_virmen_data - Exclude 0/225 trials
2020-02-04 16:47:03,583 INFO batch_run - run plot_vr_behavior
2020-02-04 16:47:22,624 INFO batch_run - run plot_vr_closed_loop_behavior
2020-02-04 16:47:29,137 INFO batch_run - run plot_avg_laser_triggered_FP
2020-02-04 16:47:29,169 INFO batch_run - run plot_vr_neurons
2020-02-04 16:48:50,867 INFO load_virmen_data - Exclude 0/203 trials
2020-02-04 16:49:04,373 INFO batch_run - run plot_vr_behavior
2020-02-04 16:49:25,934 INFO batch_run - run plot_vr_neurons
2020-02-04 16:50:36,420 INFO load_virmen_data - Exclude 0/233 trials
2020-02-04 16:50:47,858 INFO batch_run - run plot_vr_behavior
2020-02-04 16:51:05,852 INFO batch_run - run plot_vr_closed_loop_behavior
2020-02-04 16:51:14,763 INFO batch_run - run plot_avg_laser_triggered_FP
2020-02-04 16:51:14,798 INFO batch_run - run plot_vr_neurons
2020-02-04 16:51:50,612 INFO load_virmen_data - Exclude 0/70 trials
2020-02-04 16:53:03,184 INFO batch_run - run plot_vr_behavior
2020-02-04 16:53:17,518 INFO batch_run - run plot_vr_closed_loop_behavior
2020-02-04 16:53:21,821 INFO batch_run - run plot_vr_neurons
2020-02-04 16:53:33,016 INFO batch_run - run plot_neuron_behavior
2020-02-04 16:54:15,901 INFO batch_run - run plot_neuron_behavior
2020-02-04 16:54:56,920 INFO batch_run - run plot_neuron_behavior
2020-02-04 16:55:37,545 INFO batch_run - run plot_neuron_behavior
2020-02-04 17:14:29,098 INFO load_virmen_data - Exclude 0/252 trials
2020-02-04 17:14:43,192 INFO batch_run - run plot_vr_behavior
2020-02-04 17:15:03,723 INFO batch_run - run plot_avg_laser_triggered_FP
2020-02-04 17:15:03,754 INFO batch_run - run plot_vr_neurons
2020-02-04 17:16:40,004 INFO load_virmen_data - Exclude 0/293 trials
2020-02-04 17:16:55,879 INFO batch_run - run plot_vr_behavior
2020-02-04 17:17:14,348 INFO batch_run - run plot_avg_laser_triggered_FP
2020-02-04 17:17:14,380 INFO batch_run - run plot_vr_neurons
2020-02-04 17:18:51,770 INFO load_virmen_data - Exclude 0/295 trials
2020-02-04 17:19:07,520 INFO batch_run - run plot_vr_behavior
2020-02-04 17:19:26,270 INFO batch_run - run plot_avg_laser_triggered_FP
2020-02-04 17:19:26,311 INFO batch_run - run plot_vr_neurons
2020-02-04 17:23:47,831 INFO load_virmen_data - Exclude 0/125 trials
2020-02-04 17:25:23,666 INFO batch_run - run plot_vr_behavior
2020-02-04 17:25:38,858 INFO batch_run - run plot_vr_closed_loop_behavior
2020-02-04 17:25:43,695 INFO batch_run - run plot_vr_neurons
2020-02-04 17:25:56,016 INFO batch_run - run plot_neuron_behavior
2020-02-04 17:26:47,603 INFO batch_run - run plot_neuron_behavior
2020-02-04 17:27:38,676 INFO batch_run - run plot_neuron_behavior
2020-02-04 17:28:29,799 INFO batch_run - run plot_neuron_behavior
2020-02-04 17:31:08,847 INFO load_virmen_data - Exclude 0/55 trials
2020-02-04 17:31:13,829 INFO batch_run - run plot_vr_behavior
2020-02-04 17:31:27,595 INFO batch_run - run plot_vr_closed_loop_behavior
2020-02-04 17:31:31,643 INFO batch_run - run plot_avg_laser_triggered_FP
2020-02-04 17:31:31,674 INFO batch_run - run plot_vr_neurons
2020-02-04 18:14:55,418 INFO load_virmen_data - Exclude 0/276 trials
2020-02-04 18:15:10,692 INFO batch_run - run plot_vr_behavior
2020-02-04 18:15:29,816 INFO batch_run - run plot_avg_laser_triggered_FP
2020-02-04 18:15:29,841 INFO batch_run - run plot_vr_neurons
2020-02-04 18:17:23,055 INFO load_virmen_data - Exclude 0/346 trials
2020-02-04 18:17:40,700 INFO batch_run - run plot_vr_behavior
2020-02-04 18:18:00,183 INFO batch_run - run plot_avg_laser_triggered_FP
2020-02-04 18:18:00,213 INFO batch_run - run plot_vr_neurons
2020-02-04 18:19:21,061 INFO load_virmen_data - Exclude 0/266 trials
2020-02-04 18:19:34,323 INFO batch_run - run plot_vr_behavior
2020-02-04 18:19:53,159 INFO batch_run - run plot_vr_closed_loop_behavior
2020-02-04 18:20:02,452 INFO batch_run - run plot_avg_laser_triggered_FP
2020-02-04 18:20:02,482 INFO batch_run - run plot_vr_neurons
2020-02-04 18:21:24,447 INFO load_virmen_data - Exclude 0/269 trials
2020-02-04 18:21:37,109 INFO batch_run - run plot_vr_behavior
2020-02-04 18:21:55,346 INFO batch_run - run plot_vr_closed_loop_behavior
2020-02-04 18:22:01,936 INFO batch_run - run plot_avg_laser_triggered_FP
2020-02-04 18:22:01,976 INFO batch_run - run plot_vr_neurons
2020-02-04 18:23:38,596 INFO load_virmen_data - Exclude 0/289 trials
2020-02-04 18:23:53,519 INFO batch_run - run plot_vr_behavior
2020-02-04 18:24:11,382 INFO batch_run - run plot_avg_laser_triggered_FP
2020-02-04 18:24:11,413 INFO batch_run - run plot_vr_neurons
2020-02-04 18:25:38,805 INFO load_virmen_data - Exclude 0/211 trials
2020-02-04 18:25:52,266 INFO batch_run - run plot_vr_behavior
2020-02-04 18:26:10,763 INFO batch_run - run plot_vr_closed_loop_behavior
2020-02-04 18:26:20,555 INFO batch_run - run plot_avg_laser_triggered_FP
2020-02-04 18:26:20,587 INFO batch_run - run plot_vr_neurons
2020-02-04 18:27:48,274 INFO load_virmen_data - Exclude 0/258 trials
2020-02-04 18:28:01,771 INFO batch_run - run plot_vr_behavior
2020-02-04 18:28:19,111 INFO batch_run - run plot_avg_laser_triggered_FP
2020-02-04 18:28:19,127 INFO batch_run - run plot_vr_neurons
2020-02-04 18:29:21,824 INFO load_virmen_data - Exclude 0/266 trials
2020-02-04 18:29:32,252 INFO batch_run - run plot_vr_behavior
2020-02-04 18:29:47,439 INFO batch_run - run plot_exercise_running
2020-02-04 18:31:05,594 INFO load_virmen_data - Exclude 0/224 trials
2020-02-04 18:31:17,607 INFO batch_run - run plot_vr_behavior
2020-02-04 18:31:33,946 INFO batch_run - run plot_avg_laser_triggered_FP
2020-02-04 18:31:33,977 INFO batch_run - run plot_vr_neurons
2020-02-04 18:32:12,548 INFO load_virmen_data - Exclude 0/83 trials
2020-02-04 18:33:32,140 INFO batch_run - run plot_vr_behavior
2020-02-04 18:33:46,960 INFO batch_run - run plot_vr_closed_loop_behavior
2020-02-04 18:33:53,704 INFO batch_run - run plot_vr_neurons
2020-02-04 18:34:05,409 INFO batch_run - run plot_neuron_behavior
2020-02-04 18:35:01,843 INFO batch_run - run plot_neuron_behavior
2020-02-04 18:35:56,812 INFO batch_run - run plot_neuron_behavior
2020-02-04 18:36:51,901 INFO batch_run - run plot_neuron_behavior
2020-02-04 18:40:00,316 INFO load_virmen_data - Exclude 0/121 trials
2020-02-04 18:40:09,540 INFO batch_run - run plot_vr_behavior
2020-02-04 18:40:29,345 INFO batch_run - run plot_vr_neurons
2020-02-04 18:41:12,470 INFO load_virmen_data - Exclude 0/102 trials
2020-02-04 18:42:29,559 INFO batch_run - run plot_vr_behavior
2020-02-04 18:42:43,835 INFO batch_run - run plot_vr_neurons
2020-02-04 18:42:51,216 INFO batch_run - run plot_neuron_behavior
2020-02-04 18:44:07,599 INFO batch_run - run plot_neuron_behavior
2020-02-04 18:46:45,017 INFO load_virmen_data - Exclude 0/54 trials
2020-02-04 18:46:50,521 INFO batch_run - run plot_vr_behavior
2020-02-04 18:47:04,748 INFO batch_run - run plot_vr_closed_loop_behavior
2020-02-04 18:47:11,126 INFO batch_run - run plot_avg_laser_triggered_FP
2020-02-04 18:47:11,156 INFO batch_run - run plot_vr_neurons
2020-02-04 19:14:04,069 INFO load_virmen_data - Exclude 0/172 trials
2020-02-04 19:14:14,182 INFO batch_run - run plot_vr_behavior
2020-02-04 19:14:29,361 INFO batch_run - run plot_avg_laser_triggered_FP
2020-02-04 19:14:29,392 INFO batch_run - run plot_vr_neurons
2020-02-04 19:15:33,343 INFO load_virmen_data - Exclude 0/167 trials
2020-02-04 19:15:43,979 INFO batch_run - run plot_vr_behavior
2020-02-04 19:16:04,105 INFO batch_run - run plot_vr_neurons
2020-02-04 19:25:08,393 INFO load_virmen_data - Exclude 0/382 trials
2020-02-04 19:25:28,330 INFO batch_run - run plot_vr_behavior
2020-02-04 19:25:48,073 INFO batch_run - run plot_avg_laser_triggered_FP
2020-02-04 19:25:48,103 INFO batch_run - run plot_vr_neurons
2020-02-24 18:43:42,207 INFO load_virmen_data - Exclude 0/126 trials
2020-02-24 18:45:02,003 INFO batch_run - run plot_vr_behavior
2020-02-24 18:45:30,357 INFO batch_run - run plot_vr_neurons
2020-02-24 18:45:44,368 INFO batch_run - run plot_neuron_behavior
2020-02-24 18:47:35,205 INFO batch_run - run plot_neuron_behavior
2020-02-24 18:51:10,108 INFO load_virmen_data - Exclude 0/128 trials
2020-02-24 18:52:48,555 INFO batch_run - run plot_vr_behavior
2020-02-24 18:53:08,289 INFO batch_run - run plot_vr_closed_loop_behavior
2020-02-24 18:53:15,724 INFO batch_run - run plot_vr_neurons
2020-02-24 18:53:37,545 INFO batch_run - run plot_neuron_behavior
2020-02-24 18:55:01,652 INFO batch_run - run plot_neuron_behavior
2020-02-24 18:56:23,727 INFO batch_run - run plot_neuron_behavior
2020-02-24 18:57:46,277 INFO batch_run - run plot_neuron_behavior
2020-02-24 19:01:40,896 INFO load_virmen_data - Exclude 0/114 trials
2020-02-24 19:03:25,075 INFO batch_run - run plot_vr_behavior
2020-02-24 19:03:44,925 INFO batch_run - run plot_vr_neurons
2020-02-24 19:04:06,493 INFO batch_run - run plot_neuron_behavior
2020-02-24 19:06:30,188 INFO batch_run - run plot_neuron_behavior
2020-02-24 19:08:51,048 INFO batch_run - run plot_neuron_behavior
2020-02-24 19:11:10,498 INFO batch_run - run plot_neuron_behavior
2020-02-24 19:16:35,582 INFO load_virmen_data - Exclude 0/111 trials
2020-02-24 19:18:16,900 INFO batch_run - run plot_vr_behavior
2020-02-24 19:18:36,129 INFO batch_run - run plot_vr_neurons
2020-02-24 19:18:57,777 INFO batch_run - run plot_neuron_behavior
2020-02-24 19:21:18,452 INFO batch_run - run plot_neuron_behavior
2020-02-24 19:23:35,820 INFO batch_run - run plot_neuron_behavior
2020-02-24 19:25:52,717 INFO batch_run - run plot_neuron_behavior
2020-02-24 19:31:32,083 INFO load_virmen_data - Exclude 0/168 trials
2020-02-24 19:31:43,097 INFO batch_run - run plot_vr_behavior
2020-02-24 19:32:02,440 INFO batch_run - run plot_avg_laser_triggered_FP
2020-02-24 19:32:02,487 INFO batch_run - run plot_vr_neurons
2020-02-24 19:33:00,183 INFO load_virmen_data - Exclude 0/159 trials
2020-02-24 19:33:09,980 INFO batch_run - run plot_vr_behavior
2020-02-24 19:33:29,326 INFO batch_run - run plot_avg_laser_triggered_FP
2020-02-24 19:33:29,355 INFO batch_run - run plot_vr_neurons
2020-02-24 19:34:30,552 INFO load_virmen_data - Exclude 0/160 trials
2020-02-24 19:34:40,549 INFO batch_run - run plot_vr_behavior
2020-02-24 19:35:00,909 INFO batch_run - run plot_avg_laser_triggered_FP
2020-02-24 19:35:00,942 INFO batch_run - run plot_vr_neurons
2020-02-24 19:36:02,339 INFO load_virmen_data - Exclude 0/199 trials
2020-02-24 19:36:12,552 INFO batch_run - run plot_vr_behavior
2020-02-24 19:36:29,535 INFO batch_run - run plot_vr_closed_loop_behavior
2020-02-24 19:36:35,491 INFO batch_run - run plot_avg_laser_triggered_FP
2020-02-24 19:36:35,522 INFO batch_run - run plot_vr_neurons
2020-02-24 19:37:22,262 INFO load_virmen_data - Exclude 0/104 trials
2020-02-24 19:38:57,549 INFO batch_run - run plot_vr_behavior
2020-02-24 19:39:16,470 INFO batch_run - run plot_vr_neurons
2020-02-24 19:39:38,772 INFO batch_run - run plot_neuron_behavior
2020-02-24 19:42:05,816 INFO batch_run - run plot_neuron_behavior
2020-02-24 19:44:30,290 INFO batch_run - run plot_neuron_behavior
2020-02-24 19:46:54,442 INFO batch_run - run plot_neuron_behavior
2020-02-24 19:52:28,940 INFO load_virmen_data - Exclude 0/106 trials
2020-02-24 19:54:11,551 INFO batch_run - run plot_vr_behavior
2020-02-24 19:54:30,881 INFO batch_run - run plot_vr_neurons
2020-02-24 19:54:52,664 INFO batch_run - run plot_neuron_behavior
2020-02-24 19:57:13,983 INFO batch_run - run plot_neuron_behavior
2020-02-24 19:59:31,561 INFO batch_run - run plot_neuron_behavior
2020-02-24 20:01:48,371 INFO batch_run - run plot_neuron_behavior
2020-02-24 20:07:30,401 INFO load_virmen_data - Exclude 0/156 trials
2020-02-24 20:07:41,307 INFO batch_run - run plot_vr_behavior
2020-02-24 20:08:01,870 INFO batch_run - run plot_avg_laser_triggered_FP
2020-02-24 20:08:01,901 INFO batch_run - run plot_vr_neurons
2020-02-26 17:31:00,700 INFO load_virmen_data - Exclude 0/142 trials
2020-02-26 17:32:37,096 INFO batch_run - run plot_vr_behavior
2020-02-26 17:33:06,451 INFO batch_run - run plot_vr_neurons
2020-02-26 17:33:21,639 INFO batch_run - run plot_neuron_behavior
2020-02-26 17:35:19,542 INFO batch_run - run plot_neuron_behavior
2020-02-26 17:39:10,116 INFO load_virmen_data - Exclude 0/134 trials
2020-02-26 17:41:07,231 INFO batch_run - run plot_vr_behavior
2020-02-26 17:41:27,653 INFO batch_run - run plot_vr_neurons
2020-02-26 17:41:50,407 INFO batch_run - run plot_neuron_behavior
2020-02-26 17:44:17,591 INFO batch_run - run plot_neuron_behavior
2020-02-26 17:46:41,747 INFO batch_run - run plot_neuron_behavior
2020-02-26 17:49:06,564 INFO batch_run - run plot_neuron_behavior
2020-02-26 17:54:53,383 INFO load_virmen_data - Exclude 0/128 trials
2020-02-26 17:56:46,991 INFO batch_run - run plot_vr_behavior
2020-02-26 17:57:06,337 INFO batch_run - run plot_vr_neurons
2020-02-26 17:57:28,928 INFO batch_run - run plot_neuron_behavior
2020-02-26 17:59:55,699 INFO batch_run - run plot_neuron_behavior
2020-02-26 18:02:20,918 INFO batch_run - run plot_neuron_behavior
2020-02-26 18:04:44,297 INFO batch_run - run plot_neuron_behavior
2020-02-26 18:10:24,669 INFO load_virmen_data - Exclude 0/130 trials
2020-02-26 18:10:33,778 INFO batch_run - run plot_vr_behavior
2020-02-26 18:10:52,528 INFO batch_run - run plot_avg_laser_triggered_FP
2020-02-26 18:10:52,593 INFO batch_run - run plot_vr_neurons
2020-02-26 18:11:42,647 INFO load_virmen_data - Exclude 0/125 trials
2020-02-26 18:11:51,381 INFO batch_run - run plot_vr_behavior
2020-02-26 18:12:10,778 INFO batch_run - run plot_avg_laser_triggered_FP
2020-02-26 18:12:10,809 INFO batch_run - run plot_vr_neurons
2020-02-26 18:13:02,263 INFO load_virmen_data - Exclude 0/126 trials
2020-02-26 18:13:10,638 INFO batch_run - run plot_vr_behavior
2020-02-26 18:13:29,082 INFO batch_run - run plot_avg_laser_triggered_FP
2020-02-26 18:13:29,110 INFO batch_run - run plot_vr_neurons
2020-02-26 18:14:18,153 INFO load_virmen_data - Exclude 0/116 trials
2020-02-26 18:16:05,778 INFO batch_run - run plot_vr_behavior
2020-02-26 18:16:25,247 INFO batch_run - run plot_vr_neurons
2020-02-26 18:16:47,480 INFO batch_run - run plot_neuron_behavior
2020-02-26 18:19:09,555 INFO batch_run - run plot_neuron_behavior
2020-02-26 18:21:30,368 INFO batch_run - run plot_neuron_behavior
2020-02-26 18:23:50,134 INFO batch_run - run plot_neuron_behavior
2020-02-26 18:29:55,281 INFO load_virmen_data - Exclude 0/223 trials
2020-02-26 18:30:09,408 INFO batch_run - run plot_vr_behavior
2020-02-26 18:30:27,622 INFO batch_run - run plot_vr_closed_loop_behavior
2020-02-26 18:30:37,298 INFO batch_run - run plot_avg_laser_triggered_FP
2020-02-26 18:30:37,367 INFO batch_run - run plot_vr_neurons
2020-02-26 18:31:31,897 INFO load_virmen_data - Exclude 0/125 trials
2020-02-26 18:31:40,509 INFO batch_run - run plot_vr_behavior
2020-02-26 18:31:59,983 INFO batch_run - run plot_avg_laser_triggered_FP
2020-02-26 18:32:00,017 INFO batch_run - run plot_vr_neurons
2020-02-27 17:10:45,447 INFO load_virmen_data - Exclude 0/110 trials
2020-02-27 17:12:19,965 INFO batch_run - run plot_vr_behavior
2020-02-27 17:12:38,494 INFO batch_run - run plot_vr_neurons
2020-02-27 17:12:50,034 INFO batch_run - run plot_vr_single_neuron
2020-02-27 17:13:20,649 INFO batch_run - run plot_vr_single_neuron
2020-02-27 17:15:34,253 INFO load_virmen_data - Exclude 0/155 trials
2020-02-27 17:15:43,849 INFO batch_run - run plot_vr_behavior
2020-02-27 17:16:02,606 INFO batch_run - run plot_vr_neurons
2020-02-27 17:17:28,349 INFO load_virmen_data - Exclude 0/239 trials
2020-02-27 17:17:42,575 INFO batch_run - run plot_vr_behavior
2020-02-27 17:18:01,247 INFO batch_run - run plot_vr_neurons
2020-02-27 17:19:13,588 INFO load_virmen_data - Exclude 0/524 trials
2020-02-27 17:19:22,852 INFO batch_run - run plot_vr_behavior
2020-02-27 17:21:10,822 INFO load_virmen_data - Exclude 0/240 trials
2020-02-27 17:21:25,135 INFO batch_run - run plot_vr_behavior
2020-02-27 17:21:43,166 INFO batch_run - run plot_vr_neurons
2020-02-29 14:31:09,230 INFO load_virmen_data - Exclude 0/459 trials
2020-02-29 14:31:21,846 INFO batch_run - run plot_vr_behavior
2020-02-29 14:32:50,679 INFO load_virmen_data - Exclude 0/277 trials
2020-02-29 14:32:55,944 INFO batch_run - run plot_vr_behavior
2020-02-29 14:34:21,087 INFO load_virmen_data - Exclude 0/484 trials
2020-02-29 14:34:29,569 INFO batch_run - run plot_vr_behavior
2020-03-01 11:26:43,903 INFO load_virmen_data - Exclude 0/220 trials
2020-03-01 11:26:58,222 INFO batch_run - run plot_vr_behavior
2020-03-01 11:27:17,551 INFO batch_run - run plot_vr_neurons
2020-03-01 11:28:38,097 INFO load_virmen_data - Exclude 0/206 trials
2020-03-01 11:28:51,222 INFO batch_run - run plot_vr_behavior
2020-03-01 11:29:09,004 INFO batch_run - run plot_vr_neurons
2020-03-01 11:30:31,582 INFO load_virmen_data - Exclude 0/221 trials
2020-03-01 11:30:45,316 INFO batch_run - run plot_vr_behavior
2020-03-01 11:31:03,660 INFO batch_run - run plot_vr_neurons
2020-03-01 11:31:49,691 INFO load_virmen_data - Exclude 0/176 trials
2020-03-01 11:31:57,285 INFO batch_run - run plot_vr_behavior
2020-03-01 11:32:13,894 INFO batch_run - run plot_vr_neurons
2020-03-01 11:33:03,566 INFO load_virmen_data - Exclude 0/199 trials
2020-03-01 11:33:11,925 INFO batch_run - run plot_vr_behavior
2020-03-01 11:33:27,972 INFO batch_run - run plot_vr_neurons
2020-03-01 11:34:24,066 INFO load_virmen_data - Exclude 0/219 trials
2020-03-01 11:34:33,254 INFO batch_run - run plot_vr_behavior
2020-03-01 11:34:49,957 INFO batch_run - run plot_vr_neurons
2020-03-01 11:35:49,255 INFO load_virmen_data - Exclude 0/232 trials
2020-03-01 11:35:58,832 INFO batch_run - run plot_vr_behavior
2020-03-01 11:36:16,347 INFO batch_run - run plot_vr_neurons
2020-03-01 11:37:15,785 INFO load_virmen_data - Exclude 0/233 trials
2020-03-01 11:37:25,707 INFO batch_run - run plot_vr_behavior
2020-03-01 11:37:42,629 INFO batch_run - run plot_vr_neurons
2020-03-01 11:38:41,925 INFO load_virmen_data - Exclude 0/232 trials
2020-03-01 11:38:51,613 INFO batch_run - run plot_vr_behavior
2020-03-01 11:39:08,644 INFO batch_run - run plot_vr_neurons
2020-03-01 11:40:02,160 INFO load_virmen_data - Exclude 0/343 trials
2020-03-01 11:40:08,285 INFO batch_run - run plot_vr_behavior
2020-03-01 11:41:17,535 INFO load_virmen_data - Exclude 0/339 trials
2020-03-01 11:41:23,519 INFO batch_run - run plot_vr_behavior
2020-03-01 11:42:25,472 INFO load_virmen_data - Exclude 0/280 trials
2020-03-01 11:42:30,457 INFO batch_run - run plot_vr_behavior
2020-03-01 11:43:30,988 INFO load_virmen_data - Exclude 0/279 trials
2020-03-01 11:43:36,003 INFO batch_run - run plot_vr_behavior
2020-03-01 11:44:38,004 INFO load_virmen_data - Exclude 0/273 trials
2020-03-01 11:44:43,019 INFO batch_run - run plot_vr_behavior
2020-03-01 11:45:36,426 WARN load_virmen_data - trial 149 has multiple reward 9
2020-03-01 11:45:37,378 INFO load_virmen_data - Exclude 0/210 trials
2020-03-01 11:45:41,425 INFO batch_run - run plot_vr_behavior
2020-03-01 11:46:37,347 INFO load_virmen_data - Exclude 0/225 trials
2020-03-01 11:46:41,551 INFO batch_run - run plot_vr_behavior
2020-03-04 19:38:24,217 INFO load_virmen_data - Exclude 0/307 trials
2020-03-04 19:38:42,339 INFO batch_run - run plot_vr_behavior
2020-03-04 19:39:08,858 INFO batch_run - run plot_exercise_running
2020-03-04 19:40:26,780 WARN load_virmen_data - trial      1111112  3690037790247191280181 has multiple reward 222222222222
2020-03-04 19:40:28,242 INFO load_virmen_data - Exclude 0/301 trials
2020-03-04 19:40:40,613 INFO batch_run - run plot_vr_behavior
2020-03-04 19:41:00,934 INFO batch_run - run plot_exercise_running
2020-03-04 19:42:02,841 INFO load_virmen_data - Exclude 0/223 trials
2020-03-04 19:42:12,323 INFO batch_run - run plot_vr_behavior
2020-03-04 19:42:29,977 INFO batch_run - run plot_vr_neurons
2020-03-04 19:43:29,501 WARN load_virmen_data - trial 91 has multiple reward 2
2020-03-04 19:43:30,694 INFO load_virmen_data - Exclude 0/253 trials
2020-03-04 19:43:40,322 INFO batch_run - run plot_vr_behavior
2020-03-04 19:43:56,566 INFO batch_run - run plot_exercise_running
2020-03-04 19:45:00,028 WARN load_virmen_data - trial         1112 12346774780431456343067 has multiple reward 222222222222
2020-03-04 19:45:01,299 INFO load_virmen_data - Exclude 0/274 trials
2020-03-04 19:45:11,689 INFO batch_run - run plot_vr_behavior
2020-03-04 19:45:28,989 INFO batch_run - run plot_exercise_running
2020-03-04 19:46:30,561 INFO load_virmen_data - Exclude 0/228 trials
2020-03-04 19:46:40,365 INFO batch_run - run plot_vr_behavior
2020-03-04 19:46:57,786 INFO batch_run - run plot_vr_neurons
2020-03-04 19:48:08,802 INFO load_virmen_data - Exclude 0/266 trials
2020-03-04 19:48:19,804 INFO batch_run - run plot_vr_behavior
2020-03-04 19:48:37,440 INFO batch_run - run plot_vr_neurons
2020-03-04 19:49:48,210 INFO load_virmen_data - Exclude 0/264 trials
2020-03-04 19:49:59,433 INFO batch_run - run plot_vr_behavior
2020-03-04 19:50:17,336 INFO batch_run - run plot_vr_neurons
2020-03-04 19:51:21,211 INFO load_virmen_data - Exclude 0/251 trials
2020-03-04 19:51:31,797 INFO batch_run - run plot_vr_behavior
2020-03-04 19:51:49,007 INFO batch_run - run plot_vr_neurons
2020-03-04 19:53:00,169 INFO load_virmen_data - Exclude 0/267 trials
2020-03-04 19:53:11,691 INFO batch_run - run plot_vr_behavior
2020-03-04 19:53:29,674 INFO batch_run - run plot_vr_neurons
2020-03-04 19:54:30,771 INFO load_virmen_data - Exclude 0/396 trials
2020-03-04 19:54:37,682 INFO batch_run - run plot_vr_behavior
2020-03-04 19:55:55,321 INFO load_virmen_data - Exclude 0/387 trials
2020-03-04 19:56:02,020 INFO batch_run - run plot_vr_behavior
2020-03-04 19:57:23,746 INFO load_virmen_data - Exclude 0/252 trials
2020-03-04 19:57:33,943 INFO batch_run - run plot_vr_behavior
2020-03-04 19:57:51,162 INFO batch_run - run plot_vr_neurons
2020-03-04 19:58:34,038 INFO load_virmen_data - Exclude 0/95 trials
2020-03-04 20:00:14,807 INFO batch_run - run plot_vr_behavior
2020-03-04 20:00:33,188 INFO batch_run - run plot_vr_neurons
2020-03-04 20:00:52,264 INFO batch_run - run plot_neuron_behavior
2020-03-04 20:02:48,768 INFO batch_run - run plot_neuron_behavior
2020-03-04 20:04:40,698 INFO batch_run - run plot_neuron_behavior
2020-03-04 20:06:31,269 INFO batch_run - run plot_neuron_behavior
2020-03-04 20:11:05,721 INFO load_virmen_data - Exclude 0/93 trials
2020-03-04 20:12:37,005 INFO batch_run - run plot_vr_behavior
2020-03-04 20:12:54,862 INFO batch_run - run plot_vr_neurons
2020-03-04 20:13:14,701 INFO batch_run - run plot_neuron_behavior
2020-03-04 20:15:08,143 INFO batch_run - run plot_neuron_behavior
2020-03-04 20:16:59,010 INFO batch_run - run plot_neuron_behavior
2020-03-04 20:18:49,665 INFO batch_run - run plot_neuron_behavior
2020-03-04 20:23:21,584 INFO load_virmen_data - Exclude 0/86 trials
2020-03-04 20:24:49,006 INFO batch_run - run plot_vr_behavior
2020-03-04 20:25:08,233 INFO batch_run - run plot_vr_neurons
2020-03-04 20:25:26,744 INFO batch_run - run plot_neuron_behavior
2020-03-04 20:27:18,287 INFO batch_run - run plot_neuron_behavior
2020-03-04 20:29:06,753 INFO batch_run - run plot_neuron_behavior
2020-03-04 20:30:54,640 INFO batch_run - run plot_neuron_behavior
2020-03-04 20:35:43,417 INFO load_virmen_data - Exclude 0/145 trials
2020-03-04 20:38:10,304 INFO batch_run - run plot_vr_behavior
2020-03-04 20:38:30,227 INFO batch_run - run plot_vr_neurons
2020-03-04 20:38:51,744 INFO batch_run - run plot_neuron_behavior
2020-03-04 20:40:36,270 INFO load_virmen_data - Exclude 0/150 trials
2020-03-04 20:43:05,510 INFO batch_run - run plot_vr_behavior
2020-03-04 20:43:24,742 INFO batch_run - run plot_vr_neurons
2020-03-04 20:43:46,341 INFO batch_run - run plot_neuron_behavior
2020-03-04 20:45:39,335 INFO load_virmen_data - Exclude 0/154 trials
2020-03-04 20:48:14,167 INFO batch_run - run plot_vr_behavior
2020-03-04 20:48:34,300 INFO batch_run - run plot_vr_neurons
2020-03-04 20:48:56,111 INFO batch_run - run plot_neuron_behavior
2020-03-04 20:50:45,703 INFO load_virmen_data - Exclude 0/140 trials
2020-03-04 20:50:52,404 INFO batch_run - run plot_vr_behavior
2020-03-04 20:51:06,520 INFO batch_run - run plot_exercise_running
2020-03-04 20:52:15,453 WARN load_virmen_data - trial  2 843 has multiple reward 22
2020-03-04 20:52:16,742 INFO load_virmen_data - Exclude 0/312 trials
2020-03-04 20:52:27,845 INFO batch_run - run plot_vr_behavior
2020-03-04 20:52:43,905 INFO batch_run - run plot_exercise_running
2020-03-04 20:53:29,964 WARN load_virmen_data - trial 5 has multiple reward 2
2020-03-04 20:53:30,977 INFO load_virmen_data - Exclude 0/157 trials
2020-03-04 20:53:38,031 INFO batch_run - run plot_vr_behavior
2020-03-04 20:53:52,450 INFO batch_run - run plot_exercise_running
2020-03-04 20:54:13,994 INFO load_virmen_data - Exclude 0/145 trials
2020-03-04 20:55:50,027 INFO batch_run - run plot_vr_behavior
2020-03-04 20:56:09,938 INFO batch_run - run plot_vr_neurons
2020-03-04 20:56:31,417 INFO batch_run - run plot_neuron_behavior
2020-03-04 20:57:42,171 INFO load_virmen_data - Exclude 0/150 trials
2020-03-04 20:59:20,912 INFO batch_run - run plot_vr_behavior
2020-03-04 20:59:40,177 INFO batch_run - run plot_vr_neurons
2020-03-04 21:00:01,731 INFO batch_run - run plot_neuron_behavior
2020-03-04 21:01:12,981 INFO load_virmen_data - Exclude 0/154 trials
2020-03-04 21:02:55,307 INFO batch_run - run plot_vr_behavior
2020-03-04 21:03:15,411 INFO batch_run - run plot_vr_neurons
2020-03-04 21:03:37,186 INFO batch_run - run plot_neuron_behavior
2020-03-04 21:04:49,602 INFO load_virmen_data - Exclude 0/145 trials
2020-03-04 21:06:25,975 INFO batch_run - run plot_vr_behavior
2020-03-04 21:06:45,908 INFO batch_run - run plot_vr_neurons
2020-03-04 21:07:07,425 INFO batch_run - run plot_neuron_behavior
2020-03-04 21:08:17,900 INFO load_virmen_data - Exclude 0/150 trials
2020-03-04 21:09:56,573 INFO batch_run - run plot_vr_behavior
2020-03-04 21:10:15,692 INFO batch_run - run plot_vr_neurons
2020-03-04 21:10:37,125 INFO batch_run - run plot_neuron_behavior
2020-03-04 21:11:47,949 INFO load_virmen_data - Exclude 0/154 trials
2020-03-04 21:13:30,311 INFO batch_run - run plot_vr_behavior
2020-03-04 21:13:50,317 INFO batch_run - run plot_vr_neurons
2020-03-04 21:14:12,118 INFO batch_run - run plot_neuron_behavior
2020-03-04 21:15:23,848 INFO load_virmen_data - Exclude 0/145 trials
2020-03-04 21:17:00,211 INFO batch_run - run plot_vr_behavior
2020-03-04 21:17:20,388 INFO batch_run - run plot_vr_neurons
2020-03-04 21:17:41,891 INFO batch_run - run plot_neuron_behavior
2020-03-04 21:18:52,596 INFO load_virmen_data - Exclude 0/150 trials
2020-03-04 21:20:31,586 INFO batch_run - run plot_vr_behavior
2020-03-04 21:20:50,743 INFO batch_run - run plot_vr_neurons
2020-03-04 21:21:12,151 INFO batch_run - run plot_neuron_behavior
2020-03-04 21:22:23,255 INFO load_virmen_data - Exclude 0/154 trials
2020-03-04 21:24:05,254 INFO batch_run - run plot_vr_behavior
2020-03-04 21:24:25,316 INFO batch_run - run plot_vr_neurons
2020-03-04 21:24:47,129 INFO batch_run - run plot_neuron_behavior
2020-03-04 21:25:58,906 INFO load_virmen_data - Exclude 0/145 trials
2020-03-04 21:27:35,267 INFO batch_run - run plot_vr_behavior
2020-03-04 21:27:55,310 INFO batch_run - run plot_vr_neurons
2020-03-04 21:28:17,002 INFO batch_run - run plot_neuron_behavior
2020-03-04 21:29:27,693 INFO load_virmen_data - Exclude 0/150 trials
2020-03-04 21:31:06,949 INFO batch_run - run plot_vr_behavior
2020-03-04 21:31:26,061 INFO batch_run - run plot_vr_neurons
2020-03-04 21:31:47,601 INFO batch_run - run plot_neuron_behavior
2020-03-04 21:32:58,809 INFO load_virmen_data - Exclude 0/154 trials
2020-03-04 21:34:41,611 INFO batch_run - run plot_vr_behavior
2020-03-04 21:35:01,806 INFO batch_run - run plot_vr_neurons
2020-03-04 21:35:23,728 INFO batch_run - run plot_neuron_behavior
2020-03-04 21:36:35,883 INFO load_virmen_data - Exclude 0/145 trials
2020-03-04 21:38:13,479 INFO batch_run - run plot_vr_behavior
2020-03-04 21:38:33,316 INFO batch_run - run plot_vr_neurons
2020-03-04 21:38:54,759 INFO batch_run - run plot_neuron_behavior
2020-03-04 21:40:05,340 INFO load_virmen_data - Exclude 0/150 trials
2020-03-04 21:41:44,468 INFO batch_run - run plot_vr_behavior
2020-03-04 21:42:03,554 INFO batch_run - run plot_vr_neurons
2020-03-04 21:42:25,065 INFO batch_run - run plot_neuron_behavior
2020-03-04 21:43:35,628 INFO load_virmen_data - Exclude 0/154 trials
2020-03-04 21:45:17,874 INFO batch_run - run plot_vr_behavior
2020-03-04 21:45:37,570 INFO batch_run - run plot_vr_neurons
2020-03-04 21:45:59,132 INFO batch_run - run plot_neuron_behavior
2020-03-04 21:47:10,408 INFO load_virmen_data - Exclude 0/145 trials
2020-03-04 21:48:46,470 INFO batch_run - run plot_vr_behavior
2020-03-04 21:49:06,491 INFO batch_run - run plot_vr_neurons
2020-03-04 21:49:28,066 INFO batch_run - run plot_neuron_behavior
2020-03-04 21:50:39,214 INFO load_virmen_data - Exclude 0/150 trials
2020-03-04 21:52:18,447 INFO batch_run - run plot_vr_behavior
2020-03-04 21:52:37,629 INFO batch_run - run plot_vr_neurons
2020-03-04 21:52:59,186 INFO batch_run - run plot_neuron_behavior
2020-03-04 21:54:10,555 INFO load_virmen_data - Exclude 0/154 trials
2020-03-04 21:55:53,074 INFO batch_run - run plot_vr_behavior
2020-03-04 21:56:13,358 INFO batch_run - run plot_vr_neurons
2020-03-04 21:56:35,163 INFO batch_run - run plot_neuron_behavior
2020-03-04 21:57:46,955 INFO load_virmen_data - Exclude 0/145 trials
2020-03-04 21:59:23,114 INFO batch_run - run plot_vr_behavior
2020-03-04 21:59:42,970 INFO batch_run - run plot_vr_neurons
2020-03-04 22:00:04,448 INFO batch_run - run plot_neuron_behavior
2020-03-04 22:01:14,752 INFO load_virmen_data - Exclude 0/150 trials
2020-03-04 22:02:53,480 INFO batch_run - run plot_vr_behavior
2020-03-04 22:03:12,753 INFO batch_run - run plot_vr_neurons
2020-03-04 22:03:34,277 INFO batch_run - run plot_neuron_behavior
2020-03-04 22:04:45,114 INFO load_virmen_data - Exclude 0/154 trials
2020-03-04 22:06:27,269 INFO batch_run - run plot_vr_behavior
2020-03-04 22:06:47,390 INFO batch_run - run plot_vr_neurons
2020-03-04 22:07:09,282 INFO batch_run - run plot_neuron_behavior
2020-03-04 22:08:21,582 INFO load_virmen_data - Exclude 0/145 trials
2020-03-04 22:09:58,225 INFO batch_run - run plot_vr_behavior
2020-03-04 22:10:18,157 INFO batch_run - run plot_vr_neurons
2020-03-04 22:10:39,775 INFO batch_run - run plot_neuron_behavior
2020-03-04 22:11:50,671 INFO load_virmen_data - Exclude 0/150 trials
2020-03-04 22:13:29,200 INFO batch_run - run plot_vr_behavior
2020-03-04 22:13:48,520 INFO batch_run - run plot_vr_neurons
2020-03-04 22:14:10,188 INFO batch_run - run plot_neuron_behavior
2020-03-04 22:15:21,892 INFO load_virmen_data - Exclude 0/154 trials
2020-03-04 22:17:04,541 INFO batch_run - run plot_vr_behavior
2020-03-04 22:17:24,520 INFO batch_run - run plot_vr_neurons
2020-03-04 22:17:46,306 INFO batch_run - run plot_neuron_behavior
2020-03-04 22:18:57,950 INFO load_virmen_data - Exclude 0/145 trials
2020-03-04 22:20:35,358 INFO batch_run - run plot_vr_behavior
2020-03-04 22:20:55,326 INFO batch_run - run plot_vr_neurons
2020-03-04 22:21:16,862 INFO batch_run - run plot_neuron_behavior
2020-03-04 22:22:27,397 INFO load_virmen_data - Exclude 0/150 trials
2020-03-04 22:24:06,733 INFO batch_run - run plot_vr_behavior
2020-03-04 22:24:25,879 INFO batch_run - run plot_vr_neurons
2020-03-04 22:24:47,444 INFO batch_run - run plot_neuron_behavior
2020-03-04 22:25:58,692 INFO load_virmen_data - Exclude 0/154 trials
2020-03-04 22:27:41,851 INFO batch_run - run plot_vr_behavior
2020-03-04 22:28:02,034 INFO batch_run - run plot_vr_neurons
2020-03-04 22:28:23,922 INFO batch_run - run plot_neuron_behavior
2020-03-04 22:29:36,158 INFO load_virmen_data - Exclude 0/145 trials
2020-03-04 22:31:12,968 INFO batch_run - run plot_vr_behavior
2020-03-04 22:31:32,979 INFO batch_run - run plot_vr_neurons
2020-03-04 22:31:54,665 INFO batch_run - run plot_neuron_behavior
2020-03-04 22:33:05,651 INFO load_virmen_data - Exclude 0/150 trials
2020-03-04 22:34:45,209 INFO batch_run - run plot_vr_behavior
2020-03-04 22:35:04,413 INFO batch_run - run plot_vr_neurons
2020-03-04 22:35:25,892 INFO batch_run - run plot_neuron_behavior
2020-03-04 22:36:37,048 INFO load_virmen_data - Exclude 0/154 trials
2020-03-04 22:38:19,249 INFO batch_run - run plot_vr_behavior
2020-03-04 22:38:39,295 INFO batch_run - run plot_vr_neurons
2020-03-04 22:39:01,065 INFO batch_run - run plot_neuron_behavior
2020-03-04 22:40:12,982 INFO load_virmen_data - Exclude 0/145 trials
2020-03-04 22:41:50,626 INFO batch_run - run plot_vr_behavior
2020-03-04 22:42:10,683 INFO batch_run - run plot_vr_neurons
2020-03-04 22:42:32,343 INFO batch_run - run plot_neuron_behavior
2020-03-04 22:43:43,448 INFO load_virmen_data - Exclude 0/150 trials
2020-03-04 22:45:22,765 INFO batch_run - run plot_vr_behavior
2020-03-04 22:45:41,918 INFO batch_run - run plot_vr_neurons
2020-03-04 22:46:03,499 INFO batch_run - run plot_neuron_behavior
2020-03-04 22:47:14,269 INFO load_virmen_data - Exclude 0/154 trials
2020-03-04 22:48:57,425 INFO batch_run - run plot_vr_behavior
2020-03-04 22:49:17,581 INFO batch_run - run plot_vr_neurons
2020-03-04 22:49:39,267 INFO batch_run - run plot_neuron_behavior
2020-03-04 22:50:50,597 INFO load_virmen_data - Exclude 0/145 trials
2020-03-04 22:52:28,144 INFO batch_run - run plot_vr_behavior
2020-03-04 22:52:48,188 INFO batch_run - run plot_vr_neurons
2020-03-04 22:53:09,736 INFO batch_run - run plot_neuron_behavior
2020-03-04 22:54:20,722 INFO load_virmen_data - Exclude 0/150 trials
2020-03-04 22:55:59,566 INFO batch_run - run plot_vr_behavior
2020-03-04 22:56:18,871 INFO batch_run - run plot_vr_neurons
2020-03-04 22:56:40,602 INFO batch_run - run plot_neuron_behavior
2020-03-04 22:57:52,261 INFO load_virmen_data - Exclude 0/154 trials
2020-03-04 22:59:34,934 INFO batch_run - run plot_vr_behavior
2020-03-04 22:59:55,132 INFO batch_run - run plot_vr_neurons
2020-03-04 23:00:17,025 INFO batch_run - run plot_neuron_behavior
2020-03-04 23:01:29,382 INFO load_virmen_data - Exclude 0/145 trials
2020-03-04 23:03:06,449 INFO batch_run - run plot_vr_behavior
2020-03-04 23:03:26,565 INFO batch_run - run plot_vr_neurons
2020-03-04 23:03:48,276 INFO batch_run - run plot_neuron_behavior
2020-03-04 23:04:59,821 INFO load_virmen_data - Exclude 0/150 trials
2020-03-04 23:06:39,291 INFO batch_run - run plot_vr_behavior
2020-03-04 23:06:58,650 INFO batch_run - run plot_vr_neurons
2020-03-04 23:07:20,396 INFO batch_run - run plot_neuron_behavior
2020-03-04 23:08:32,265 INFO load_virmen_data - Exclude 0/154 trials
2020-03-04 23:10:15,962 INFO batch_run - run plot_vr_behavior
2020-03-04 23:10:36,151 INFO batch_run - run plot_vr_neurons
2020-03-04 23:10:58,057 INFO batch_run - run plot_neuron_behavior
2020-03-04 23:12:10,145 INFO load_virmen_data - Exclude 0/145 trials
2020-03-04 23:13:47,258 INFO batch_run - run plot_vr_behavior
2020-03-04 23:14:07,482 INFO batch_run - run plot_vr_neurons
2020-03-04 23:14:29,161 INFO batch_run - run plot_neuron_behavior
2020-03-04 23:15:40,127 INFO load_virmen_data - Exclude 0/150 trials
2020-03-04 23:17:19,423 INFO batch_run - run plot_vr_behavior
2020-03-04 23:17:38,643 INFO batch_run - run plot_vr_neurons
2020-03-04 23:18:00,278 INFO batch_run - run plot_neuron_behavior
2020-03-04 23:19:12,596 INFO load_virmen_data - Exclude 0/154 trials
2020-03-04 23:52:33,485 INFO load_virmen_data - Exclude 0/145 trials
2020-03-04 23:54:12,816 INFO batch_run - run plot_vr_behavior
2020-03-04 23:54:33,503 INFO batch_run - run plot_vr_neurons
2020-03-04 23:54:55,313 INFO batch_run - run plot_neuron_behavior
2020-03-04 23:57:27,035 INFO batch_run - run plot_neuron_behavior
2020-03-05 00:00:01,081 INFO batch_run - run plot_neuron_behavior
2020-03-05 00:02:33,319 INFO batch_run - run plot_neuron_behavior
2020-03-05 00:07:40,191 INFO load_virmen_data - Exclude 0/150 trials
2020-03-05 00:09:20,253 INFO batch_run - run plot_vr_behavior
2020-03-05 00:09:39,975 INFO batch_run - run plot_vr_neurons
2020-03-05 00:10:01,845 INFO batch_run - run plot_neuron_behavior
2020-03-05 00:12:36,316 INFO batch_run - run plot_neuron_behavior
2020-03-05 00:15:10,184 INFO batch_run - run plot_neuron_behavior
2020-03-05 00:17:42,741 INFO batch_run - run plot_neuron_behavior
2020-03-05 00:22:51,398 INFO load_virmen_data - Exclude 0/154 trials
2020-03-05 00:24:41,441 INFO batch_run - run plot_vr_behavior
2020-03-05 00:25:01,831 INFO batch_run - run plot_vr_neurons
2020-03-05 00:25:23,956 INFO batch_run - run plot_neuron_behavior
2020-03-05 00:27:58,691 INFO batch_run - run plot_neuron_behavior
2020-03-05 00:30:31,532 INFO batch_run - run plot_neuron_behavior
2020-03-05 00:33:04,373 INFO batch_run - run plot_neuron_behavior
2020-03-05 22:43:35,215 INFO load_virmen_data - Exclude 0/455 trials
2020-03-05 22:43:43,222 INFO batch_run - run plot_vr_behavior
2020-03-05 22:45:07,154 INFO load_virmen_data - Exclude 0/445 trials
2020-03-05 22:45:14,886 INFO batch_run - run plot_vr_behavior
2020-03-05 22:46:12,076 INFO load_virmen_data - Exclude 0/62 trials
2020-03-05 22:46:19,097 INFO batch_run - run plot_vr_behavior
2020-03-05 22:46:36,607 INFO batch_run - run plot_vr_neurons
2020-03-05 22:47:08,926 INFO load_virmen_data - Exclude 0/64 trials
2020-03-05 22:47:15,326 INFO batch_run - run plot_vr_behavior
2020-03-05 22:47:33,958 INFO batch_run - run plot_vr_neurons
2020-03-05 22:48:13,613 INFO load_virmen_data - Exclude 0/61 trials
2020-03-05 22:48:20,227 INFO batch_run - run plot_vr_behavior
2020-03-05 22:48:37,800 INFO batch_run - run plot_vr_neurons
2020-03-05 22:49:41,217 INFO load_virmen_data - Exclude 0/140 trials
2020-03-05 22:49:51,819 INFO batch_run - run plot_vr_behavior
2020-03-05 22:50:11,660 INFO batch_run - run plot_vr_neurons
2020-03-05 22:51:14,428 INFO load_virmen_data - Exclude 0/139 trials
2020-03-05 22:51:25,001 INFO batch_run - run plot_vr_behavior
2020-03-05 22:51:44,654 INFO batch_run - run plot_vr_neurons
2020-03-05 22:53:12,608 WARN load_virmen_data - trial 223368234531 has multiple reward 2222
2020-03-05 22:53:14,105 INFO load_virmen_data - Exclude 0/412 trials
2020-03-05 22:53:28,799 INFO batch_run - run plot_vr_behavior
2020-03-05 22:53:46,113 INFO batch_run - run plot_exercise_running
2020-03-05 22:54:59,849 INFO load_virmen_data - Exclude 0/133 trials
2020-03-05 22:55:11,034 INFO batch_run - run plot_vr_behavior
2020-03-05 22:55:29,191 INFO batch_run - run plot_vr_neurons
2020-03-05 22:56:00,329 INFO load_virmen_data - Exclude 0/82 trials
2020-03-05 22:56:05,735 INFO batch_run - run plot_vr_behavior
2020-03-05 22:56:19,378 INFO batch_run - run plot_exercise_running
2020-03-05 22:56:54,339 ERROR load_virmen_data - # of total rew(82) - reward during trials(79) is smaller than unexp rew(4)
2020-03-05 22:56:54,365 ERROR load_virmen_data - # of unexpected rew in DAQ (3) < log file (4). might be given in trial duration
2020-03-05 22:56:55,243 INFO load_virmen_data - Exclude 0/79 trials
2020-03-05 22:57:01,524 INFO batch_run - run plot_vr_behavior
2020-03-05 22:57:20,573 INFO batch_run - run plot_vr_neurons
2020-03-05 22:57:54,628 INFO load_virmen_data - Exclude 0/71 trials
2020-03-05 22:58:00,726 INFO batch_run - run plot_vr_behavior
2020-03-05 22:58:18,546 INFO batch_run - run plot_vr_neurons
2020-03-05 22:58:47,795 INFO load_virmen_data - Exclude 0/79 trials
2020-03-05 23:23:15,647 INFO batch_run - run plot_vr_behavior
2020-03-05 23:23:29,888 INFO batch_run - run plot_exercise_running
2020-03-05 23:24:18,051 INFO load_virmen_data - Exclude 0/131 trials
2020-03-05 23:26:00,704 INFO batch_run - run plot_vr_behavior
2020-03-05 23:26:20,107 INFO batch_run - run plot_vr_neurons
2020-03-05 23:26:42,160 INFO batch_run - run plot_vr_single_neuron
2020-03-05 23:27:17,326 INFO batch_run - run plot_vr_single_neuron
2020-03-05 23:27:51,019 INFO batch_run - run plot_vr_single_neuron
2020-03-05 23:28:24,532 INFO batch_run - run plot_vr_single_neuron
2020-03-05 23:31:15,517 INFO load_virmen_data - Exclude 0/133 trials
2020-03-05 23:33:02,731 INFO batch_run - run plot_vr_behavior
2020-03-05 23:33:21,061 INFO batch_run - run plot_vr_neurons
2020-03-05 23:33:42,795 INFO batch_run - run plot_vr_single_neuron
2020-03-05 23:34:08,391 INFO batch_run - run plot_vr_single_neuron
2020-03-05 23:34:33,567 INFO batch_run - run plot_vr_single_neuron
2020-03-05 23:34:58,724 INFO batch_run - run plot_vr_single_neuron
2020-03-05 23:37:41,215 INFO load_virmen_data - Exclude 0/213 trials
2020-03-05 23:38:56,302 INFO batch_run - run plot_vr_behavior
2020-03-05 23:39:10,269 INFO batch_run - run plot_exercise_running
2020-03-05 23:40:20,985 INFO load_virmen_data - Exclude 0/211 trials
2020-03-06 00:32:50,859 INFO batch_run - run plot_vr_behavior
2020-03-06 00:33:06,019 INFO batch_run - run plot_exercise_running
2020-03-06 00:34:15,038 INFO load_virmen_data - Exclude 0/47 trials
2020-03-06 00:34:19,007 INFO batch_run - run plot_vr_behavior
2020-03-06 00:34:32,491 INFO batch_run - run plot_exercise_running
2020-03-06 00:34:53,757 WARN load_virmen_data - trial 1107 has multiple reward 22
2020-03-06 00:34:54,522 INFO load_virmen_data - Exclude 0/37 trials
2020-03-06 00:34:58,225 INFO batch_run - run plot_vr_behavior
2020-03-06 00:35:13,007 INFO batch_run - run plot_exercise_running
2020-03-06 00:35:33,663 WARN load_virmen_data - trial 15 has multiple reward 2
2020-03-06 00:35:34,492 INFO load_virmen_data - Exclude 0/27 trials
2020-03-06 00:35:38,069 INFO batch_run - run plot_vr_behavior
2020-03-06 00:35:51,382 INFO batch_run - run plot_exercise_running
2020-03-06 00:36:12,007 INFO load_virmen_data - Exclude 0/24 trials
2020-03-06 00:36:15,397 INFO batch_run - run plot_vr_behavior
2020-03-06 00:36:29,163 INFO batch_run - run plot_exercise_running
2020-03-06 00:37:24,226 INFO load_virmen_data - Exclude 0/225 trials
2020-03-06 00:38:48,166 INFO batch_run - run plot_vr_behavior
2020-03-06 00:39:02,700 INFO batch_run - run plot_exercise_running
2020-03-06 00:40:22,431 WARN load_virmen_data - trial 111128073 has multiple reward 222
2020-03-06 00:40:23,558 INFO load_virmen_data - Exclude 0/218 trials
2020-03-06 00:43:16,382 INFO batch_run - run plot_vr_behavior
2020-03-06 00:43:31,819 INFO batch_run - run plot_exercise_running
2020-03-06 00:45:07,554 WARN load_virmen_data - trial 111122338104892 has multiple reward 22222
2020-03-06 00:45:08,673 INFO load_virmen_data - Exclude 0/236 trials
2020-03-06 00:46:42,519 INFO batch_run - run plot_vr_behavior
2020-03-06 00:46:58,040 INFO batch_run - run plot_exercise_running
2020-03-06 00:48:16,048 INFO load_virmen_data - Exclude 0/236 trials
2020-03-06 00:51:19,461 INFO batch_run - run plot_vr_behavior
2020-03-06 00:51:34,728 INFO batch_run - run plot_exercise_running
2020-03-06 00:53:11,964 INFO load_virmen_data - Exclude 0/99 trials
2020-03-06 00:54:55,836 INFO batch_run - run plot_vr_behavior
2020-03-06 00:55:15,916 INFO batch_run - run plot_vr_neurons
2020-03-06 00:55:37,697 INFO batch_run - run plot_neuron_behavior
2020-03-06 00:58:03,832 INFO batch_run - run plot_neuron_behavior
2020-03-06 01:00:27,396 INFO batch_run - run plot_neuron_behavior
2020-03-06 01:02:49,987 INFO batch_run - run plot_neuron_behavior
2020-03-06 01:08:18,556 INFO load_virmen_data - Exclude 0/100 trials
2020-03-06 01:10:03,242 INFO batch_run - run plot_vr_behavior
2020-03-06 01:10:22,371 INFO batch_run - run plot_vr_neurons
2020-03-06 01:10:43,268 INFO batch_run - run plot_neuron_behavior
2020-03-06 01:13:07,921 INFO batch_run - run plot_neuron_behavior
2020-03-06 01:15:30,029 INFO batch_run - run plot_neuron_behavior
2020-03-06 01:17:50,775 INFO batch_run - run plot_neuron_behavior
2020-03-06 01:23:21,916 INFO load_virmen_data - Exclude 0/102 trials
2020-03-06 01:25:02,320 INFO batch_run - run plot_vr_behavior
2020-03-06 01:25:22,223 INFO batch_run - run plot_vr_neurons
2020-03-06 01:25:43,317 INFO batch_run - run plot_neuron_behavior
2020-03-06 01:28:08,395 INFO batch_run - run plot_neuron_behavior
2020-03-06 01:30:30,481 INFO batch_run - run plot_neuron_behavior
2020-03-06 01:32:52,405 INFO batch_run - run plot_neuron_behavior
2020-03-06 01:38:32,453 WARN load_virmen_data - trial          111111111111213445788900112334557924149280783789579028358 has multiple reward 2222222222222222322222
2020-03-06 01:38:33,811 INFO load_virmen_data - Exclude 0/228 trials
2020-03-06 01:38:43,631 INFO batch_run - run plot_vr_behavior
2020-03-06 01:38:59,775 INFO batch_run - run plot_exercise_running
2020-03-06 01:39:56,780 INFO load_virmen_data - Exclude 0/129 trials
2020-03-06 01:41:52,671 INFO batch_run - run plot_vr_behavior
2020-03-06 01:42:12,722 INFO batch_run - run plot_vr_neurons
2020-03-06 01:42:34,375 INFO batch_run - run plot_neuron_behavior
2020-03-06 01:44:55,568 INFO batch_run - run plot_neuron_behavior
2020-03-06 01:47:16,436 INFO batch_run - run plot_neuron_behavior
2020-03-06 01:49:35,722 INFO batch_run - run plot_neuron_behavior
2020-03-06 01:55:11,807 INFO load_virmen_data - Exclude 0/125 trials
2020-03-06 01:57:06,406 INFO batch_run - run plot_vr_behavior
2020-03-06 01:57:25,528 INFO batch_run - run plot_vr_neurons
2020-03-06 01:57:46,905 INFO batch_run - run plot_neuron_behavior
2020-03-06 02:00:06,538 INFO batch_run - run plot_neuron_behavior
2020-03-06 02:02:26,299 INFO batch_run - run plot_neuron_behavior
2020-03-06 02:04:44,972 INFO batch_run - run plot_neuron_behavior
2020-03-06 02:10:20,396 INFO load_virmen_data - Exclude 0/132 trials
2020-03-06 02:12:33,440 INFO batch_run - run plot_vr_behavior
2020-03-06 02:12:53,440 INFO batch_run - run plot_vr_neurons
2020-03-06 02:13:15,155 INFO batch_run - run plot_neuron_behavior
2020-03-06 02:15:35,467 INFO batch_run - run plot_neuron_behavior
2020-03-06 02:17:54,921 INFO batch_run - run plot_neuron_behavior
2020-03-06 02:20:14,329 INFO batch_run - run plot_neuron_behavior
2020-03-06 17:42:37,706 INFO load_virmen_data - Exclude 0/35 trials
2020-03-06 17:42:41,598 INFO batch_run - run plot_vr_behavior
2020-03-06 17:42:52,416 INFO batch_run - run plot_vr_neurons
2020-03-06 17:43:10,517 INFO load_virmen_data - Exclude 0/27 trials
2020-03-06 17:43:13,642 INFO batch_run - run plot_vr_behavior
2020-03-06 17:43:24,473 INFO batch_run - run plot_vr_neurons
2020-03-06 17:43:40,947 INFO load_virmen_data - Exclude 0/14 trials
2020-03-06 17:43:43,723 INFO batch_run - run plot_vr_behavior
2020-03-06 17:43:54,901 INFO batch_run - run plot_vr_neurons
2020-03-06 17:44:09,601 INFO load_virmen_data - Exclude 0/16 trials
2020-03-06 18:07:47,991 INFO batch_run - run plot_vr_behavior
2020-03-06 18:07:58,913 INFO batch_run - run plot_vr_neurons
2020-03-06 18:08:51,957 INFO load_virmen_data - Exclude 0/137 trials
2020-03-06 18:09:56,678 INFO batch_run - run plot_vr_behavior
2020-03-06 18:10:12,152 INFO batch_run - run plot_vr_neurons
2020-03-06 18:10:24,917 INFO batch_run - run plot_vr_single_neuron
2020-03-06 18:10:52,501 INFO batch_run - run plot_vr_single_neuron
2020-03-06 18:12:45,099 INFO load_virmen_data - Exclude 0/136 trials
2020-03-06 18:12:54,912 INFO batch_run - run plot_vr_behavior
2020-03-06 18:13:07,264 INFO batch_run - run plot_vr_neurons
2020-03-06 18:13:56,741 INFO load_virmen_data - Exclude 0/172 trials
2020-03-06 18:14:06,801 INFO batch_run - run plot_vr_behavior
2020-03-06 18:14:19,815 INFO batch_run - run plot_vr_neurons
2020-03-06 18:15:11,561 INFO load_virmen_data - Exclude 0/139 trials
2020-03-06 18:15:21,747 INFO batch_run - run plot_vr_behavior
2020-03-06 18:15:34,078 INFO batch_run - run plot_vr_neurons
2020-03-06 18:16:01,885 ERROR load_virmen_data - # of total rew(68) - reward during trials(0) is smaller than unexp rew(69)
2020-03-06 18:16:01,898 ERROR load_virmen_data - # of unexpected rew in DAQ (68) < log file (69). might be given in trial duration
2020-03-06 18:16:02,662 INFO load_virmen_data - Exclude 0/69 trials
2020-03-06 18:16:30,861 INFO batch_run - run plot_vr_neurons
2020-03-06 18:16:43,787 INFO batch_run - run plot_laser_triggered_spike
2020-03-06 18:16:43,817 INFO batch_run - run plot_vr_reward
2020-03-06 18:16:54,025 INFO batch_run - run plot_laser_triggered_spike
2020-03-06 18:16:54,069 INFO batch_run - run plot_vr_reward
2020-03-06 18:17:54,425 INFO load_virmen_data - Exclude 0/66 trials
2020-03-06 18:18:21,214 INFO batch_run - run plot_vr_neurons
2020-03-06 18:18:34,040 INFO batch_run - run plot_laser_triggered_spike
2020-03-06 18:18:34,069 INFO batch_run - run plot_vr_reward
2020-03-06 18:18:43,718 INFO batch_run - run plot_laser_triggered_spike
2020-03-06 18:18:43,752 INFO batch_run - run plot_vr_reward
2020-03-06 18:19:40,323 ERROR load_virmen_data - # of total rew(59) - reward during trials(0) is smaller than unexp rew(60)
2020-03-06 18:19:40,355 ERROR load_virmen_data - # of unexpected rew in DAQ (59) < log file (60). might be given in trial duration
2020-03-06 18:19:41,133 INFO load_virmen_data - Exclude 0/60 trials
2020-03-06 18:20:07,250 INFO batch_run - run plot_vr_neurons
2020-03-06 18:20:19,953 INFO batch_run - run plot_laser_triggered_spike
2020-03-06 18:20:19,989 INFO batch_run - run plot_vr_reward
2020-03-06 18:20:29,464 INFO batch_run - run plot_laser_triggered_spike
2020-03-06 18:20:29,494 INFO batch_run - run plot_vr_reward
2020-03-06 18:21:26,864 INFO load_virmen_data - Exclude 0/55 trials
2020-03-06 18:40:51,184 INFO batch_run - run plot_vr_neurons
2020-03-06 18:41:03,835 INFO batch_run - run plot_laser_triggered_spike
2020-03-06 18:41:03,866 INFO batch_run - run plot_vr_reward
2020-03-06 18:41:13,148 INFO batch_run - run plot_laser_triggered_spike
2020-03-06 18:41:13,198 INFO batch_run - run plot_vr_reward
2020-03-06 18:42:20,917 INFO load_virmen_data - Exclude 0/51 trials
2020-03-06 18:42:26,895 INFO batch_run - run plot_vr_behavior
2020-03-06 18:42:39,198 INFO batch_run - run plot_vr_neurons
2020-03-06 18:43:17,944 INFO load_virmen_data - Exclude 0/145 trials
2020-03-06 18:44:06,491 INFO batch_run - run plot_vr_behavior
2020-03-06 18:44:18,413 INFO batch_run - run plot_vr_neurons
2020-03-06 18:44:29,835 INFO batch_run - run plot_vr_single_neuron
2020-03-06 18:44:51,663 INFO batch_run - run plot_vr_single_neuron
2020-03-06 18:46:30,476 INFO load_virmen_data - Exclude 0/114 trials
2020-03-06 18:47:15,538 INFO batch_run - run plot_vr_behavior
2020-03-06 18:47:27,351 INFO batch_run - run plot_vr_neurons
2020-03-06 18:47:37,991 INFO batch_run - run plot_vr_single_neuron
2020-03-06 18:48:00,929 INFO batch_run - run plot_vr_single_neuron
2020-03-06 18:49:19,304 INFO load_virmen_data - Exclude 0/51 trials
2020-03-06 18:49:22,679 INFO batch_run - run plot_vr_behavior
2020-03-06 18:49:30,304 INFO batch_run - run plot_exercise_running
2020-03-06 18:50:17,116 INFO load_virmen_data - Exclude 0/104 trials
2020-03-06 18:50:24,772 INFO batch_run - run plot_vr_behavior
2020-03-06 18:50:36,991 INFO batch_run - run plot_vr_neurons
2020-03-06 18:51:14,538 INFO load_virmen_data - Exclude 0/86 trials
2020-03-06 18:51:51,475 INFO batch_run - run plot_vr_neurons
2020-03-06 18:52:04,272 INFO batch_run - run plot_laser_triggered_spike
2020-03-06 18:52:04,303 INFO batch_run - run plot_vr_reward
2020-03-06 18:52:16,038 INFO batch_run - run plot_laser_triggered_spike
2020-03-06 18:52:16,069 INFO batch_run - run plot_vr_reward
2020-03-06 18:53:25,101 ERROR load_virmen_data - # of total rew(84) - reward during trials(0) is smaller than unexp rew(85)
2020-03-06 18:53:25,130 ERROR load_virmen_data - # of unexpected rew in DAQ (84) < log file (85). might be given in trial duration
2020-03-06 18:53:25,954 INFO load_virmen_data - Exclude 0/85 trials
2020-03-06 18:54:01,661 INFO batch_run - run plot_vr_neurons
2020-03-06 18:54:14,925 INFO batch_run - run plot_laser_triggered_spike
2020-03-06 18:54:14,953 INFO batch_run - run plot_vr_reward
2020-03-06 18:54:26,771 INFO batch_run - run plot_laser_triggered_spike
2020-03-06 18:54:26,805 INFO batch_run - run plot_vr_reward
2020-03-06 18:55:36,977 INFO load_virmen_data - Exclude 0/85 trials
2020-03-06 18:56:13,764 INFO batch_run - run plot_vr_neurons
2020-03-06 18:56:26,927 INFO batch_run - run plot_laser_triggered_spike
2020-03-06 18:56:26,965 INFO batch_run - run plot_vr_reward
2020-03-06 18:56:39,149 INFO batch_run - run plot_laser_triggered_spike
2020-03-06 18:56:39,180 INFO batch_run - run plot_vr_reward
2020-03-06 18:57:49,638 ERROR load_virmen_data - # of total rew(83) - reward during trials(0) is smaller than unexp rew(84)
2020-03-06 18:57:49,661 ERROR load_virmen_data - # of unexpected rew in DAQ (83) < log file (84). might be given in trial duration
2020-03-06 18:57:50,584 INFO load_virmen_data - Exclude 0/84 trials
2020-03-06 18:58:27,511 INFO batch_run - run plot_vr_neurons
2020-03-06 18:58:40,740 INFO batch_run - run plot_laser_triggered_spike
2020-03-06 18:58:40,771 INFO batch_run - run plot_vr_reward
2020-03-06 18:58:52,789 INFO batch_run - run plot_laser_triggered_spike
2020-03-06 18:58:52,820 INFO batch_run - run plot_vr_reward
2020-03-06 19:00:02,744 INFO load_virmen_data - Exclude 0/51 trials
2020-03-06 19:00:07,976 INFO batch_run - run plot_vr_behavior
2020-03-06 19:00:18,051 INFO batch_run - run plot_vr_neurons
2020-03-06 19:00:59,667 INFO load_virmen_data - Exclude 0/138 trials
2020-03-06 19:01:06,122 INFO batch_run - run plot_vr_behavior
2020-03-06 19:01:13,969 INFO batch_run - run plot_exercise_running
2020-03-06 19:02:24,951 INFO load_virmen_data - Exclude 0/173 trials
2020-03-06 19:02:35,432 INFO batch_run - run plot_vr_behavior
2020-03-06 19:02:49,138 INFO batch_run - run plot_vr_neurons
2020-03-06 19:04:00,115 INFO load_virmen_data - Exclude 0/208 trials
2020-03-06 19:04:10,540 INFO batch_run - run plot_vr_behavior
2020-03-06 19:04:24,759 INFO batch_run - run plot_vr_neurons
2020-03-06 19:05:36,456 INFO load_virmen_data - Exclude 0/135 trials
2020-03-06 19:05:47,384 INFO batch_run - run plot_vr_behavior
2020-03-06 19:06:00,769 INFO batch_run - run plot_vr_neurons
2020-03-06 19:06:44,117 ERROR load_virmen_data - # of total rew(91) - reward during trials(0) is smaller than unexp rew(92)
2020-03-06 19:06:44,149 ERROR load_virmen_data - # of unexpected rew in DAQ (91) < log file (92). might be given in trial duration
2020-03-06 19:06:45,079 INFO load_virmen_data - Exclude 0/92 trials
2020-03-06 19:07:23,693 INFO batch_run - run plot_vr_neurons
2020-03-06 19:07:36,731 INFO batch_run - run plot_laser_triggered_spike
2020-03-06 19:07:36,758 INFO batch_run - run plot_vr_reward
2020-03-06 19:07:48,858 INFO batch_run - run plot_laser_triggered_spike
2020-03-06 19:07:48,889 INFO batch_run - run plot_vr_reward
2020-03-06 19:09:07,960 INFO load_virmen_data - Exclude 0/163 trials
2020-03-06 19:09:14,596 INFO batch_run - run plot_vr_behavior
2020-03-06 19:09:24,830 INFO batch_run - run plot_vr_neurons
2020-03-06 19:10:10,388 INFO load_virmen_data - Exclude 0/182 trials
2020-03-06 19:10:18,088 INFO batch_run - run plot_vr_behavior
2020-03-06 19:10:28,943 INFO batch_run - run plot_vr_neurons
2020-03-06 19:11:40,868 INFO load_virmen_data - Exclude 0/205 trials
2020-03-06 19:11:51,887 INFO batch_run - run plot_vr_behavior
2020-03-06 19:12:06,079 INFO batch_run - run plot_vr_neurons
2020-03-06 19:13:12,606 INFO load_virmen_data - Exclude 0/147 trials
2020-03-06 19:15:19,550 INFO batch_run - run plot_vr_behavior
2020-03-06 19:15:33,881 INFO batch_run - run plot_vr_neurons
2020-03-06 19:15:53,498 INFO batch_run - run plot_neuron_behavior
2020-03-06 19:18:04,108 INFO batch_run - run plot_neuron_behavior
2020-03-06 19:20:09,080 INFO batch_run - run plot_neuron_behavior
2020-03-06 19:22:11,333 INFO batch_run - run plot_neuron_behavior
2020-03-06 19:27:20,464 INFO load_virmen_data - Exclude 0/149 trials
2020-03-06 19:29:27,108 INFO batch_run - run plot_vr_behavior
2020-03-06 19:29:41,023 INFO batch_run - run plot_vr_neurons
2020-03-06 19:30:01,209 INFO batch_run - run plot_neuron_behavior
2020-03-06 19:32:09,380 INFO batch_run - run plot_neuron_behavior
2020-03-06 19:34:12,287 INFO batch_run - run plot_neuron_behavior
2020-03-06 19:36:15,046 INFO batch_run - run plot_neuron_behavior
2020-03-06 19:41:17,495 INFO load_virmen_data - Exclude 0/146 trials
2020-03-06 19:43:24,101 INFO batch_run - run plot_vr_behavior
2020-03-06 19:43:38,763 INFO batch_run - run plot_vr_neurons
2020-03-06 19:43:58,761 INFO batch_run - run plot_neuron_behavior
2020-03-06 19:46:08,653 INFO batch_run - run plot_neuron_behavior
2020-03-06 19:48:13,578 INFO batch_run - run plot_neuron_behavior
2020-03-06 19:50:18,833 INFO batch_run - run plot_neuron_behavior
2020-03-31 15:37:05,922 WARN ts2array - max len(47450.000000) exceed 45sec. is this correct?
2020-03-31 15:38:30,201 WARN ts2array - max len(47450.000000) exceed 45sec. is this correct?
2020-03-31 15:40:20,250 WARN ts2array - max len(47450.000000) exceed 45sec. is this correct?
2020-03-31 15:41:45,531 WARN ts2array - max len(47450.000000) exceed 45sec. is this correct?
2020-03-31 15:45:22,480 WARN ts2array - max len(47450.000000) exceed 45sec. is this correct?
2020-03-31 15:51:19,740 WARN ts2array - max len(47450.000000) exceed 45sec. is this correct?
2020-03-31 15:52:37,664 WARN ts2array - max len(47450.000000) exceed 45sec. is this correct?
2020-03-31 15:56:02,760 WARN ts2array - max len(47450.000000) exceed 45sec. is this correct?
2020-03-31 15:57:30,262 WARN ts2array - max len(47450.000000) exceed 45sec. is this correct?
2020-03-31 18:52:09,820 WARN ts2array - max len(47450.000000) exceed 45sec. is this correct?
2020-03-31 18:53:17,551 WARN ts2array - max len(47450.000000) exceed 45sec. is this correct?
2020-03-31 18:57:10,271 WARN ts2array - max len(47450.000000) exceed 45sec. is this correct?
2020-03-31 19:55:39,141 INFO load_virmen_data - Exclude 0/120 trials
2020-03-31 20:19:06,434 WARN ts2array - max len(47450.000000) exceed 45sec. is this correct?
2020-03-31 20:20:24,825 WARN ts2array - max len(47450.000000) exceed 45sec. is this correct?
2020-03-31 20:22:45,048 WARN ts2array - max len(47450.000000) exceed 45sec. is this correct?
2020-03-31 20:25:24,356 WARN ts2array - max len(47450.000000) exceed 45sec. is this correct?
2020-03-31 20:27:17,783 WARN ts2array - max len(47450.000000) exceed 45sec. is this correct?
2020-03-31 20:29:46,431 WARN ts2array - max len(47450.000000) exceed 45sec. is this correct?
2020-03-31 20:31:49,035 WARN ts2array - max len(47450.000000) exceed 45sec. is this correct?
2020-03-31 20:33:05,506 WARN ts2array - max len(47450.000000) exceed 45sec. is this correct?
2020-03-31 20:35:39,783 WARN ts2array - max len(47450.000000) exceed 45sec. is this correct?
2020-03-31 20:40:59,913 WARN ts2array - max len(47450.000000) exceed 45sec. is this correct?
2020-03-31 20:45:07,276 WARN ts2array - max len(47450.000000) exceed 45sec. is this correct?
2020-03-31 20:47:39,418 WARN ts2array - max len(47450.000000) exceed 45sec. is this correct?
2020-03-31 20:53:48,151 WARN ts2array - max len(47450.000000) exceed 45sec. is this correct?
2020-03-31 21:06:30,781 WARN ts2array - max len(47450.000000) exceed 45sec. is this correct?
2020-03-31 21:09:21,798 WARN ts2array - max len(47450.000000) exceed 45sec. is this correct?
2020-03-31 21:16:05,349 WARN ts2array - max len(47450.000000) exceed 45sec. is this correct?
2020-03-31 21:20:52,153 WARN ts2array - max len(47450.000000) exceed 45sec. is this correct?
2020-03-31 21:24:50,408 WARN ts2array - max len(47450.000000) exceed 45sec. is this correct?
2020-03-31 21:27:32,082 WARN ts2array - max len(47450.000000) exceed 45sec. is this correct?
2020-03-31 21:31:10,234 WARN ts2array - max len(47450.000000) exceed 45sec. is this correct?
2020-03-31 22:07:59,163 WARN ts2array - max len(47450.000000) exceed 45sec. is this correct?
2020-03-31 22:11:47,741 WARN ts2array - max len(47450.000000) exceed 45sec. is this correct?
2020-03-31 22:19:58,446 WARN ts2array - max len(47450.000000) exceed 45sec. is this correct?
2020-03-31 22:49:13,934 WARN ts2array - max len(47450.000000) exceed 45sec. is this correct?
2020-03-31 22:50:58,739 WARN ts2array - max len(47450.000000) exceed 45sec. is this correct?
2020-03-31 22:57:52,497 WARN ts2array - max len(47450.000000) exceed 45sec. is this correct?
2020-03-31 22:59:11,717 WARN ts2array - max len(47450.000000) exceed 45sec. is this correct?
2020-03-31 23:10:35,561 WARN ts2array - max len(47450.000000) exceed 45sec. is this correct?
2020-03-31 23:23:06,369 WARN ts2array - max len(47450.000000) exceed 45sec. is this correct?
2020-03-31 23:24:14,037 WARN ts2array - max len(47450.000000) exceed 45sec. is this correct?
2020-03-31 23:25:09,554 WARN ts2array - max len(47450.000000) exceed 45sec. is this correct?
2020-03-31 23:25:38,904 WARN ts2array - max len(47450.000000) exceed 45sec. is this correct?
2020-03-31 23:38:47,555 INFO load_virmen_data - Exclude 0/54 trials
2020-04-01 01:19:34,656 INFO load_virmen_data - Exclude 0/164 trials
2020-04-01 12:08:23,076 INFO load_virmen_data - Exclude 0/120 trials
2020-04-01 12:11:38,521 WARN ts2array - max len(47450.000000) exceed 45sec. is this correct?
2020-04-04 18:03:22,510 INFO load_virmen_data - Exclude 0/55 trials
2020-04-04 19:08:29,897 INFO load_virmen_data - Exclude 0/117 trials
2020-04-05 13:00:21,434 INFO load_virmen_data - Exclude 0/47 trials
2020-04-05 13:00:22,182 INFO get_laser_period - Laser stimulation period: 25s-219s(194s)  
2020-04-05 13:26:25,897 INFO load_virmen_data - Exclude 0/40 trials
2020-04-05 13:26:26,448 INFO get_laser_period - Laser stimulation period: 23s-218s(195s)  
